<?xml version="1.0" encoding="UTF-8"?>
<testng-results ignored="0" total="2" passed="2" failed="0" skipped="0">
  <reporter-output>
  </reporter-output>
  <suite started-at="2020-11-02T11:55:26 GMT" name="Default suite" finished-at="2020-11-02T11:55:47 GMT" duration-ms="20685">
    <groups>
    </groups>
    <test started-at="2020-11-02T11:55:26 GMT" name="Default test" finished-at="2020-11-02T11:55:47 GMT" duration-ms="20685">
      <class name="testCases.SearchMyStore">
        <test-method signature="LogIntoMyStore()[pri:0, instance:testCases.SearchMyStore@22635ba0]" started-at="2020-11-02T11:55:26 GMT" name="LogIntoMyStore" finished-at="2020-11-02T11:55:45 GMT" duration-ms="19242" status="PASS">
          <reporter-output>
          </reporter-output>
        </test-method> <!-- LogIntoMyStore -->
        <test-method signature="performASearch()[pri:1, instance:testCases.SearchMyStore@22635ba0]" started-at="2020-11-02T11:55:45 GMT" name="performASearch" finished-at="2020-11-02T11:55:47 GMT" duration-ms="1397" status="PASS">
          <reporter-output>
          </reporter-output>
        </test-method> <!-- performASearch -->
      </class> <!-- testCases.SearchMyStore -->
    </test> <!-- Default test -->
  </suite> <!-- Default suite -->
</testng-results>
