<?xml version="1.0" encoding="UTF-8"?>
<!-- Generated by org.testng.reporters.JUnitXMLReporter -->
<testsuite ignored="0" hostname="KEE-L0883" failures="0" tests="3" name="Default test" time="179.415" errors="0" timestamp="2020-11-06T16:49:59 GMT">
  <testcase classname="testCases.SearchMyStore" name="LogIntoMyStore" time="15.963"/>
  <testcase classname="testCases.SearchMyStore" name="performASearch" time="1.25"/>
  <testcase classname="testCases.SearchMyStore" name="performASearchUsingTheDB" time="162.166"/>
</testsuite> <!-- Default test -->
