<?xml version="1.0" encoding="UTF-8"?>
<!-- Generated by org.testng.reporters.JUnitXMLReporter -->
<testsuite ignored="0" hostname="KEE-L0883" failures="0" tests="3" name="Default test" time="161.928" errors="0" timestamp="2020-11-06T15:26:39 GMT">
  <testcase classname="testCases.SearchMyStore" name="LogIntoMyStore" time="19.365"/>
  <testcase classname="testCases.SearchMyStore" name="performASearch" time="1.776"/>
  <testcase classname="testCases.SearchMyStore" name="performASearchUsingTheDB" time="140.75"/>
</testsuite> <!-- Default test -->
