<?xml version="1.0" encoding="UTF-8"?>
<robot generator="Robot 3.2.2 (Python 3.7.4 on win32)" generated="20201020 13:16:15.387" rpa="false">
<suite id="s1" name="MyStore" source="C:\Users\aaron.masters\Aarons-Workspaces\Robot-Workspace\MyStore\Tests\MyStore.robot">
<test id="s1-t1" name="Scenario 1 - Open Browser">
<kw name="Open Mystore In Browser" library="General">
<kw name="Open Browser" library="Selenium2Library">
<doc>Opens a new browser instance to the given ``url``.</doc>
<arguments>
<arg>${MyStoreURL}</arg>
<arg>${BROWSER}</arg>
<arg>remote_url=${REMOTEURL}</arg>
<arg>ff_profile_dir=${FIREFOXPROFILE}</arg>
<arg>desired_capabilities=${CAPABILITIES}</arg>
</arguments>
<msg timestamp="20201020 13:16:15.973" level="INFO">Opening browser 'chrome' to base url 'http://automationpractice.com/'.</msg>
<status status="PASS" starttime="20201020 13:16:15.972" endtime="20201020 13:16:25.546"></status>
</kw>
<kw name="Maximize Browser Window" library="Selenium2Library">
<doc>Maximizes current browser window.</doc>
<status status="PASS" starttime="20201020 13:16:25.546" endtime="20201020 13:16:26.682"></status>
</kw>
<kw name="Set Selenium Speed" library="Selenium2Library">
<doc>Sets the delay that is waited after each Selenium command.</doc>
<arguments>
<arg>${DELAY}</arg>
</arguments>
<status status="PASS" starttime="20201020 13:16:26.682" endtime="20201020 13:16:26.683"></status>
</kw>
<kw name="Page Should Contain Element" library="Selenium2Library">
<doc>Verifies that element ``locator`` is found on the current page.</doc>
<arguments>
<arg>//*[@src='http://automationpractice.com/img/logo.jpg']</arg>
</arguments>
<msg timestamp="20201020 13:16:27.212" level="INFO">Current page contains element '//*[@src='http://automationpractice.com/img/logo.jpg']'.</msg>
<status status="PASS" starttime="20201020 13:16:26.684" endtime="20201020 13:16:27.212"></status>
</kw>
<status status="PASS" starttime="20201020 13:16:15.971" endtime="20201020 13:16:27.212"></status>
</kw>
<tags>
<tag>DEBUG</tag>
</tags>
<status status="PASS" starttime="20201020 13:16:15.971" endtime="20201020 13:16:27.212" critical="yes"></status>
</test>
<test id="s1-t2" name="Scenario 2 - Click on Sign In Screen">
<kw name="Click on item with class [login]" library="General">
<kw name="Click Element" library="Selenium2Library">
<doc>Click element identified by ``locator``.</doc>
<arguments>
<arg>//*[@class='${Class}']</arg>
</arguments>
<msg timestamp="20201020 13:16:27.215" level="INFO">Clicking element '//*[@class='login']'.</msg>
<status status="PASS" starttime="20201020 13:16:27.214" endtime="20201020 13:16:31.408"></status>
</kw>
<status status="PASS" starttime="20201020 13:16:27.214" endtime="20201020 13:16:31.408"></status>
</kw>
<status status="PASS" starttime="20201020 13:16:27.213" endtime="20201020 13:16:31.409" critical="yes"></status>
</test>
<test id="s1-t3" name="Scenario 3 - Sign Into MyStore">
<kw name="I login to MyStore as [aaron_masters_128@yahoo.com] with password [Automation123] and name [Aaron Masters]" library="General">
<kw name="Input Text" library="Selenium2Library">
<doc>Types the given ``text`` into text field identified by ``locator``.</doc>
<arguments>
<arg>//input[@id='email']</arg>
<arg>${USERNAME}</arg>
</arguments>
<msg timestamp="20201020 13:16:31.413" level="INFO">Typing text 'aaron_masters_128@yahoo.com' into text field '//input[@id='email']'.</msg>
<status status="PASS" starttime="20201020 13:16:31.412" endtime="20201020 13:16:33.052"></status>
</kw>
<kw name="Input Text" library="Selenium2Library">
<doc>Types the given ``text`` into text field identified by ``locator``.</doc>
<arguments>
<arg>//input[@id='passwd']</arg>
<arg>${PASSWORD}</arg>
</arguments>
<msg timestamp="20201020 13:16:33.052" level="INFO">Typing text 'Automation123' into text field '//input[@id='passwd']'.</msg>
<status status="PASS" starttime="20201020 13:16:33.052" endtime="20201020 13:16:34.698"></status>
</kw>
<kw name="Click Element" library="Selenium2Library">
<doc>Click element identified by ``locator``.</doc>
<arguments>
<arg>//button[@id='SubmitLogin']</arg>
</arguments>
<msg timestamp="20201020 13:16:34.699" level="INFO">Clicking element '//button[@id='SubmitLogin']'.</msg>
<status status="PASS" starttime="20201020 13:16:34.699" endtime="20201020 13:16:37.636"></status>
</kw>
<kw name="Page Should Contain Element" library="Selenium2Library">
<doc>Verifies that element ``locator`` is found on the current page.</doc>
<arguments>
<arg>//*[@title='View my customer account']/span[contains(., '${NameOfUser}')]</arg>
</arguments>
<msg timestamp="20201020 13:16:38.150" level="INFO">Current page contains element '//*[@title='View my customer account']/span[contains(., 'Aaron Masters')]'.</msg>
<status status="PASS" starttime="20201020 13:16:37.636" endtime="20201020 13:16:38.150"></status>
</kw>
<status status="PASS" starttime="20201020 13:16:31.412" endtime="20201020 13:16:38.150"></status>
</kw>
<status status="PASS" starttime="20201020 13:16:31.411" endtime="20201020 13:16:38.150" critical="yes"></status>
</test>
<test id="s1-t4" name="Scenario 4 - Search for item - Blouse">
<kw name="I search for the item [blouse]" library="General">
<kw name="Input Text" library="Selenium2Library">
<doc>Types the given ``text`` into text field identified by ``locator``.</doc>
<arguments>
<arg>//input[@id='search_query_top']</arg>
<arg>${SearchItem}</arg>
</arguments>
<msg timestamp="20201020 13:16:38.152" level="INFO">Typing text 'blouse' into text field '//input[@id='search_query_top']'.</msg>
<status status="PASS" starttime="20201020 13:16:38.152" endtime="20201020 13:16:39.845"></status>
</kw>
<kw name="Click Element" library="Selenium2Library">
<doc>Click element identified by ``locator``.</doc>
<arguments>
<arg>//button[@name='submit_search']</arg>
</arguments>
<msg timestamp="20201020 13:16:39.847" level="INFO">Clicking element '//button[@name='submit_search']'.</msg>
<status status="PASS" starttime="20201020 13:16:39.846" endtime="20201020 13:16:42.083"></status>
</kw>
<status status="PASS" starttime="20201020 13:16:38.152" endtime="20201020 13:16:42.084"></status>
</kw>
<status status="PASS" starttime="20201020 13:16:38.151" endtime="20201020 13:16:42.084" critical="yes"></status>
</test>
<doc>Suite description</doc>
<status status="PASS" starttime="20201020 13:16:15.392" endtime="20201020 13:16:42.088"></status>
</suite>
<statistics>
<total>
<stat pass="4" fail="0">Critical Tests</stat>
<stat pass="4" fail="0">All Tests</stat>
</total>
<tag>
<stat pass="1" fail="0">DEBUG</stat>
</tag>
<suite>
<stat pass="4" fail="0" id="s1" name="MyStore">MyStore</stat>
</suite>
</statistics>
<errors>
</errors>
</robot>
