<?xml version="1.0" encoding="UTF-8"?>
<robot generator="Robot 3.2.2 (Python 3.7.4 on win32)" generated="20201102 11:54:12.519" rpa="false">
<suite id="s1" name="000 - Initialise Test Data &amp; MyStore">
<suite id="s1-s1" name="000 - Initialise Test Data" source="C:\Users\aaron.masters\Aarons-Workspaces\Robot-Workspace\MyStore\Tests\000 - Initialise Test Data.robot">
<test id="s1-s1-t1" name="Scenario 1 - Open Browser">
<kw name="Open Mystore In Browser" library="General">
<kw name="Open Browser" library="Selenium2Library">
<doc>Opens a new browser instance to the given ``url``.</doc>
<arguments>
<arg>${MyStoreURL}</arg>
<arg>${BROWSER}</arg>
<arg>remote_url=${REMOTEURL}</arg>
<arg>ff_profile_dir=${FIREFOXPROFILE}</arg>
<arg>desired_capabilities=${CAPABILITIES}</arg>
</arguments>
<msg timestamp="20201102 11:54:13.245" level="INFO">Opening browser 'chrome' to base url 'http://automationpractice.com/'.</msg>
<status status="PASS" starttime="20201102 11:54:13.244" endtime="20201102 11:54:19.233"></status>
</kw>
<kw name="Maximize Browser Window" library="Selenium2Library">
<doc>Maximizes current browser window.</doc>
<status status="PASS" starttime="20201102 11:54:19.233" endtime="20201102 11:54:20.379"></status>
</kw>
<kw name="Set Selenium Speed" library="Selenium2Library">
<doc>Sets the delay that is waited after each Selenium command.</doc>
<arguments>
<arg>${DELAY}</arg>
</arguments>
<status status="PASS" starttime="20201102 11:54:20.380" endtime="20201102 11:54:20.380"></status>
</kw>
<kw name="Page Should Contain Element" library="Selenium2Library">
<doc>Verifies that element ``locator`` is found on the current page.</doc>
<arguments>
<arg>//*[@src='http://automationpractice.com/img/logo.jpg']</arg>
</arguments>
<msg timestamp="20201102 11:54:20.899" level="INFO">Current page contains element '//*[@src='http://automationpractice.com/img/logo.jpg']'.</msg>
<status status="PASS" starttime="20201102 11:54:20.380" endtime="20201102 11:54:20.899"></status>
</kw>
<status status="PASS" starttime="20201102 11:54:13.244" endtime="20201102 11:54:20.900"></status>
</kw>
<status status="PASS" starttime="20201102 11:54:13.243" endtime="20201102 11:54:20.901" critical="yes"></status>
</test>
<doc>Tests the Trust Settings</doc>
<status status="PASS" starttime="20201102 11:54:12.569" endtime="20201102 11:54:20.904"></status>
</suite>
<suite id="s1-s2" name="MyStore" source="C:\Users\aaron.masters\Aarons-Workspaces\Robot-Workspace\MyStore\Tests\MyStore.robot">
<kw name="Connect To Database Using Custom Params" library="DatabaseLibrary" type="setup">
<doc>Loads the DB API 2.0 module given `dbapiModuleName` then uses it to
connect to the database using the map string `db_custom_param_string`.</doc>
<arguments>
<arg>dbapiModuleName=pyodbc</arg>
<arg>db_connect_string='Driver={Microsoft Access Driver (*.mdb, *.accdb)};DBQ=C:/Users/aaron.masters/Aarons-Workspaces/Robot-Workspace/MyStore/Data/MyStoreRobot.accdb'</arg>
</arguments>
<msg timestamp="20201102 11:54:20.979" level="INFO">Executing : Connect To Database Using Custom Params : pyodbc.connect(db_api_2.connect('Driver={Microsoft Access Driver (*.mdb, *.accdb)};DBQ=C:/Users/aaron.masters/Aarons-Workspaces/Robot-Workspace/MyStore/Data/MyStoreRobot.accdb')) </msg>
<status status="PASS" starttime="20201102 11:54:20.936" endtime="20201102 11:54:21.485"></status>
</kw>
<test id="s1-s2-t1" name="Scenario 2 - Click on Sign In Screen">
<kw name="Click on item with class [login]" library="General">
<kw name="Click Element" library="Selenium2Library">
<doc>Click element identified by ``locator``.</doc>
<arguments>
<arg>//*[@class='${Class}']</arg>
</arguments>
<msg timestamp="20201102 11:54:21.487" level="INFO">Clicking element '//*[@class='login']'.</msg>
<status status="PASS" starttime="20201102 11:54:21.486" endtime="20201102 11:54:24.151"></status>
</kw>
<status status="PASS" starttime="20201102 11:54:21.486" endtime="20201102 11:54:24.152"></status>
</kw>
<status status="PASS" starttime="20201102 11:54:21.485" endtime="20201102 11:54:24.152" critical="yes"></status>
</test>
<test id="s1-s2-t2" name="Scenario 3 - Sign Into MyStore">
<kw name="I login to MyStore as [aaron_masters_128@yahoo.com] with password [Automation123] and name [Aaron Masters]" library="General">
<kw name="Input Text" library="Selenium2Library">
<doc>Types the given ``text`` into text field identified by ``locator``.</doc>
<arguments>
<arg>//input[@id='email']</arg>
<arg>${USERNAME}</arg>
</arguments>
<msg timestamp="20201102 11:54:24.160" level="INFO">Typing text 'aaron_masters_128@yahoo.com' into text field '//input[@id='email']'.</msg>
<status status="PASS" starttime="20201102 11:54:24.159" endtime="20201102 11:54:25.854"></status>
</kw>
<kw name="Input Text" library="Selenium2Library">
<doc>Types the given ``text`` into text field identified by ``locator``.</doc>
<arguments>
<arg>//input[@id='passwd']</arg>
<arg>${PASSWORD}</arg>
</arguments>
<msg timestamp="20201102 11:54:25.854" level="INFO">Typing text 'Automation123' into text field '//input[@id='passwd']'.</msg>
<status status="PASS" starttime="20201102 11:54:25.854" endtime="20201102 11:54:27.453"></status>
</kw>
<kw name="Click Element" library="Selenium2Library">
<doc>Click element identified by ``locator``.</doc>
<arguments>
<arg>//button[@id='SubmitLogin']</arg>
</arguments>
<msg timestamp="20201102 11:54:27.453" level="INFO">Clicking element '//button[@id='SubmitLogin']'.</msg>
<status status="PASS" starttime="20201102 11:54:27.453" endtime="20201102 11:54:29.591"></status>
</kw>
<kw name="Page Should Contain Element" library="Selenium2Library">
<doc>Verifies that element ``locator`` is found on the current page.</doc>
<arguments>
<arg>//*[@title='View my customer account']/span[contains(., '${NameOfUser}')]</arg>
</arguments>
<msg timestamp="20201102 11:54:30.105" level="INFO">Current page contains element '//*[@title='View my customer account']/span[contains(., 'Aaron Masters')]'.</msg>
<status status="PASS" starttime="20201102 11:54:29.591" endtime="20201102 11:54:30.105"></status>
</kw>
<status status="PASS" starttime="20201102 11:54:24.157" endtime="20201102 11:54:30.106"></status>
</kw>
<status status="PASS" starttime="20201102 11:54:24.155" endtime="20201102 11:54:30.107" critical="yes"></status>
</test>
<test id="s1-s2-t3" name="Scenario 4 - Manually Search for item - Blouse">
<kw name="I search for the item [blouse]" library="General">
<kw name="Input Text" library="Selenium2Library">
<doc>Types the given ``text`` into text field identified by ``locator``.</doc>
<arguments>
<arg>//input[@id='search_query_top']</arg>
<arg>${SearchItem}</arg>
</arguments>
<msg timestamp="20201102 11:54:30.114" level="INFO">Typing text 'blouse' into text field '//input[@id='search_query_top']'.</msg>
<status status="PASS" starttime="20201102 11:54:30.113" endtime="20201102 11:54:31.812"></status>
</kw>
<kw name="Click Element" library="Selenium2Library">
<doc>Click element identified by ``locator``.</doc>
<arguments>
<arg>//button[@name='submit_search']</arg>
</arguments>
<msg timestamp="20201102 11:54:31.814" level="INFO">Clicking element '//button[@name='submit_search']'.</msg>
<status status="PASS" starttime="20201102 11:54:31.813" endtime="20201102 11:54:34.244"></status>
</kw>
<status status="PASS" starttime="20201102 11:54:30.111" endtime="20201102 11:54:34.245"></status>
</kw>
<status status="PASS" starttime="20201102 11:54:30.109" endtime="20201102 11:54:34.245" critical="yes"></status>
</test>
<test id="s1-s2-t4" name="tmp1">
<kw name="Run Keyword And Continue On Failure" library="BuiltIn">
<doc>Runs the keyword and continues execution even if a failure occurs.</doc>
<arguments>
<arg>I confirm my item named [Blouse] appears in the Search Results</arg>
</arguments>
<kw name="I confirm my item named [Blouse] appears in the Search Results" library="General">
<kw name="Page Should Contain Element" library="Selenium2Library">
<doc>Verifies that element ``locator`` is found on the current page.</doc>
<arguments>
<arg>//*[contains(@class, 'product_list')]//*[@class='product-name' and contains(., '${ItemName}')]</arg>
</arguments>
<msg timestamp="20201102 11:54:34.778" level="INFO">Current page contains element '//*[contains(@class, 'product_list')]//*[@class='product-name' and contains(., 'Blouse')]'.</msg>
<status status="PASS" starttime="20201102 11:54:34.251" endtime="20201102 11:54:34.778"></status>
</kw>
<status status="PASS" starttime="20201102 11:54:34.250" endtime="20201102 11:54:34.779"></status>
</kw>
<status status="PASS" starttime="20201102 11:54:34.249" endtime="20201102 11:54:34.779"></status>
</kw>
<kw name="Run Keyword And Continue On Failure" library="BuiltIn">
<doc>Runs the keyword and continues execution even if a failure occurs.</doc>
<arguments>
<arg>I confirm my item Described as [Short sleeved blouse with feminine draped sleeve detail.] appears in the Search Results</arg>
</arguments>
<kw name="I confirm my item Described as [Short sleeved blouse with feminine draped sleeve detail.] appears in the Search Results" library="General">
<kw name="Page Should Contain Element" library="Selenium2Library">
<doc>Verifies that element ``locator`` is found on the current page.</doc>
<arguments>
<arg>//*[contains(@class, 'product_list')]//*[@class='product-desc' and contains(., '${ItemDescription}')]</arg>
</arguments>
<msg timestamp="20201102 11:54:35.320" level="INFO">Current page contains element '//*[contains(@class, 'product_list')]//*[@class='product-desc' and contains(., 'Short sleeved blouse with feminine draped sleeve detail.')]'.</msg>
<status status="PASS" starttime="20201102 11:54:34.783" endtime="20201102 11:54:35.320"></status>
</kw>
<status status="PASS" starttime="20201102 11:54:34.781" endtime="20201102 11:54:35.321"></status>
</kw>
<status status="PASS" starttime="20201102 11:54:34.780" endtime="20201102 11:54:35.321"></status>
</kw>
<kw name="Run Keyword And Continue On Failure" library="BuiltIn">
<doc>Runs the keyword and continues execution even if a failure occurs.</doc>
<arguments>
<arg>I confirm my item priced at [$27.00] appears in the Search Results</arg>
</arguments>
<kw name="I confirm my item priced at [$27.00] appears in the Search Results" library="General">
<kw name="Page Should Contain Element" library="Selenium2Library">
<doc>Verifies that element ``locator`` is found on the current page.</doc>
<arguments>
<arg>//*[contains(@class, 'product_list')]//*[@class='price product-price' and contains(., '${ItemPrice}')]</arg>
</arguments>
<msg timestamp="20201102 11:54:35.862" level="INFO">Current page contains element '//*[contains(@class, 'product_list')]//*[@class='price product-price' and contains(., '$27.00')]'.</msg>
<status status="PASS" starttime="20201102 11:54:35.325" endtime="20201102 11:54:35.862"></status>
</kw>
<status status="PASS" starttime="20201102 11:54:35.323" endtime="20201102 11:54:35.863"></status>
</kw>
<status status="PASS" starttime="20201102 11:54:35.322" endtime="20201102 11:54:35.863"></status>
</kw>
<status status="PASS" starttime="20201102 11:54:34.247" endtime="20201102 11:54:35.864" critical="yes"></status>
</test>
<test id="s1-s2-t5" name="tmp2">
<kw name="I confirm an item named [Blouse] described as [Short sleeved blouse with feminine draped sleeve detail.] and costing [$27.00] appears in the Search Results" library="General">
<kw name="Page Should Contain Element" library="Selenium2Library">
<doc>Verifies that element ``locator`` is found on the current page.</doc>
<arguments>
<arg>//*[contains(@class, 'product_list')]//*[@class='product-name' and contains(., '${ItemName}')]//ancestor::*[(@class='right-block')]//*[@class='product-desc' and contains(., "${ItemDescription}")]//ancestor::*[(@class='right-block')]//*[@class='price product-price' and contains(., '${ItemPrice}')]</arg>
</arguments>
<msg timestamp="20201102 11:54:36.401" level="INFO">Current page contains element '//*[contains(@class, 'product_list')]//*[@class='product-name' and contains(., 'Blouse')]//ancestor::*[(@class='right-block')]//*[@class='product-desc' and contains(., "Short sleeved blouse with feminine draped sleeve detail.")]//ancestor::*[(@class='right-block')]//*[@class='price product-price' and contains(., '$27.00')]'.</msg>
<status status="PASS" starttime="20201102 11:54:35.870" endtime="20201102 11:54:36.401"></status>
</kw>
<status status="PASS" starttime="20201102 11:54:35.868" endtime="20201102 11:54:36.402"></status>
</kw>
<status status="PASS" starttime="20201102 11:54:35.866" endtime="20201102 11:54:36.402" critical="yes"></status>
</test>
<test id="s1-s2-t6" name="Search from the DB">
<kw name="I search for the item from the DB" library="General">
<kw name="Query" library="DatabaseLibrary">
<doc>Uses the input `selectStatement` to query for the values that will be returned as a list of tuples. Set optional
input `sansTran` to True to run command without an explicit transaction commit or rollback.
Set optional input `returnAsDict` to True to return values as a list of dictionaries.</doc>
<arguments>
<arg>SELECT * from MyStoreSearch</arg>
</arguments>
<assign>
<var>@{SearchItems}</var>
</assign>
<msg timestamp="20201102 11:54:36.406" level="INFO">Executing : Query  |  SELECT * from MyStoreSearch </msg>
<msg timestamp="20201102 11:54:36.419" level="INFO">@{SearchItems} = [ ('blouse', '1', '1', 'Blouse', 'Short sleeved blouse with feminine draped sleeve detail.', 'New', '$27.00', 'No', '$27.00', 'Cotton', 'Casual', 'Short Sleeve', '2', 'Yes', 'Yes', 'No', 'Yes', 'No', ...</msg>
<status status="PASS" starttime="20201102 11:54:36.406" endtime="20201102 11:54:36.419"></status>
</kw>
<kw name="Log Many" library="BuiltIn">
<doc>Logs the given messages as separate entries using the INFO level.</doc>
<arguments>
<arg>@{SearchItems}</arg>
</arguments>
<msg timestamp="20201102 11:54:36.420" level="INFO">('blouse', '1', '1', 'Blouse', 'Short sleeved blouse with feminine draped sleeve detail.', 'New', '$27.00', 'No', '$27.00', 'Cotton', 'Casual', 'Short Sleeve', '2', 'Yes', 'Yes', 'No', 'Yes', 'No', 'No', 'Yes')</msg>
<msg timestamp="20201102 11:54:36.420" level="INFO">('dress', '2', '7', 'Printed Dress', '100\\% cotton double printed dress. Black and white striped top and orange high waisted skater skirt bottom.', 'New', '$26.00', 'No', '$26.00', 'Cotton', 'Girly', 'Colorful Dress', '3', 'No', 'Yes', 'No', 'Yes', 'No', 'Yes', 'No')</msg>
<msg timestamp="20201102 11:54:36.420" level="INFO">('summer', '3', '4', 'Faded Short Sleeve T-shirts', "Faded short sleeve t-shirt with high neckline. Soft and stretchy material for a comfortable fit. Accessorize with a straw hat and you're ready for summer!", 'New', '$16.51', 'No', '$16.51', 'Cotton', 'Casual', 'Colorful Dress', '1', 'No', 'Yes', 'Yes', 'Yes', 'No', 'No', 'Yes')</msg>
<msg timestamp="20201102 11:54:36.420" level="INFO">('cotton', '4', '7', 'Printed Chiffon Dress', 'Printed chiffon knee length dress with tank straps. Deep v-neckline.', 'New', '$20.50', 'Yes', '$16.40', 'Polyester', 'Girly', 'Midi Dress', '7', 'No', 'Yes', 'Yes', 'No', 'Yes', 'Yes', 'No')</msg>
<msg timestamp="20201102 11:54:36.421" level="INFO">('Polyester', '5', '7', 'Printed Summer Dress', 'Long printed dress with thin adjustable straps. V-neckline and wiring under the bust with ruffles at the bottom of the dress.', 'New', '$30.51', 'Yes', '$28.98', 'Viscose', 'Casual', 'Maxi Dress', '5', 'No', 'Yes', 'Yes', 'No', 'No', 'No', 'No')</msg>
<msg timestamp="20201102 11:54:36.421" level="INFO">('Girly', '6', '7', 'Printed Summer Dress', 'Sleeveless knee-length chiffon dress. V-neckline with elastic under the bust lining.', 'New', '$30.50', 'No', '$30.50', 'Polyester', 'Girly', 'Short Dress', '6', 'No', 'Yes', 'Yes', 'No', 'Yes', 'Yes', 'Yes')</msg>
<msg timestamp="20201102 11:54:36.421" level="INFO">('Short Dress', '7', '7', 'Printed Dress', 'Printed evening dress with straight sleeves with black thin waist belt and ruffled linings.', 'New', '$50.99', 'No', '$50.99', 'Viscose', 'Dressy', 'Short Dress', '4', 'No', 'Yes', 'No', 'No', 'No', 'No', 'Yes')</msg>
<status status="PASS" starttime="20201102 11:54:36.419" endtime="20201102 11:54:36.421"></status>
</kw>
<kw name="Set Test Variable" library="BuiltIn">
<doc>Makes a variable available everywhere within the scope of the current test.</doc>
<arguments>
<arg>${count}</arg>
<arg>0</arg>
</arguments>
<msg timestamp="20201102 11:54:36.424" level="INFO">${count} = 0</msg>
<status status="PASS" starttime="20201102 11:54:36.421" endtime="20201102 11:54:36.424"></status>
</kw>
<kw name="Set Test Variable" library="BuiltIn">
<doc>Makes a variable available everywhere within the scope of the current test.</doc>
<arguments>
<arg>${FoundInSearch}</arg>
<arg>13</arg>
</arguments>
<msg timestamp="20201102 11:54:36.427" level="INFO">${FoundInSearch} = 13</msg>
<status status="PASS" starttime="20201102 11:54:36.424" endtime="20201102 11:54:36.427"></status>
</kw>
<kw name="${i} IN [ @{SearchItems} ]" type="for">
<kw name="${i} = ('blouse', '1', '1', 'Blouse', 'Short sleeved blouse with feminine draped sleeve detail.', 'New', '$27.00', 'No', '$27.00', 'Cotton', 'Casual', 'Short Sleeve', '2', 'Yes', 'Yes', 'No', 'Yes', 'No', 'N..." type="foritem">
<kw name="Log" library="BuiltIn">
<doc>Logs the given message with the given level.</doc>
<arguments>
<arg>${SearchItems[${count}][0]}</arg>
</arguments>
<msg timestamp="20201102 11:54:36.429" level="INFO">blouse</msg>
<status status="PASS" starttime="20201102 11:54:36.428" endtime="20201102 11:54:36.429"></status>
</kw>
<kw name="Input Text" library="Selenium2Library">
<doc>Types the given ``text`` into text field identified by ``locator``.</doc>
<arguments>
<arg>//input[@id='search_query_top']</arg>
<arg>${SearchItems[${count}][0]}</arg>
</arguments>
<msg timestamp="20201102 11:54:36.430" level="INFO">Typing text 'blouse' into text field '//input[@id='search_query_top']'.</msg>
<status status="PASS" starttime="20201102 11:54:36.429" endtime="20201102 11:54:38.109"></status>
</kw>
<kw name="Click Element" library="Selenium2Library">
<doc>Click element identified by ``locator``.</doc>
<arguments>
<arg>//button[@name='submit_search']</arg>
</arguments>
<msg timestamp="20201102 11:54:38.111" level="INFO">Clicking element '//button[@name='submit_search']'.</msg>
<status status="PASS" starttime="20201102 11:54:38.110" endtime="20201102 11:54:40.995"></status>
</kw>
<kw name="Confirm whether each item appears in the search result" library="General">
<kw name="Query" library="DatabaseLibrary">
<doc>Uses the input `selectStatement` to query for the values that will be returned as a list of tuples. Set optional
input `sansTran` to True to run command without an explicit transaction commit or rollback.
Set optional input `returnAsDict` to True to return values as a list of dictionaries.</doc>
<arguments>
<arg>SELECT * from MyStoreSearch</arg>
</arguments>
<assign>
<var>@{Search2Items}</var>
</assign>
<msg timestamp="20201102 11:54:40.997" level="INFO">Executing : Query  |  SELECT * from MyStoreSearch </msg>
<msg timestamp="20201102 11:54:41.005" level="INFO">@{Search2Items} = [ ('blouse', '1', '1', 'Blouse', 'Short sleeved blouse with feminine draped sleeve detail.', 'New', '$27.00', 'No', '$27.00', 'Cotton', 'Casual', 'Short Sleeve', '2', 'Yes', 'Yes', 'No', 'Yes', 'No', ...</msg>
<status status="PASS" starttime="20201102 11:54:40.997" endtime="20201102 11:54:41.005"></status>
</kw>
<kw name="Log Many" library="BuiltIn">
<doc>Logs the given messages as separate entries using the INFO level.</doc>
<arguments>
<arg>@{Search2Items}</arg>
</arguments>
<msg timestamp="20201102 11:54:41.006" level="INFO">('blouse', '1', '1', 'Blouse', 'Short sleeved blouse with feminine draped sleeve detail.', 'New', '$27.00', 'No', '$27.00', 'Cotton', 'Casual', 'Short Sleeve', '2', 'Yes', 'Yes', 'No', 'Yes', 'No', 'No', 'Yes')</msg>
<msg timestamp="20201102 11:54:41.006" level="INFO">('dress', '2', '7', 'Printed Dress', '100\\% cotton double printed dress. Black and white striped top and orange high waisted skater skirt bottom.', 'New', '$26.00', 'No', '$26.00', 'Cotton', 'Girly', 'Colorful Dress', '3', 'No', 'Yes', 'No', 'Yes', 'No', 'Yes', 'No')</msg>
<msg timestamp="20201102 11:54:41.006" level="INFO">('summer', '3', '4', 'Faded Short Sleeve T-shirts', "Faded short sleeve t-shirt with high neckline. Soft and stretchy material for a comfortable fit. Accessorize with a straw hat and you're ready for summer!", 'New', '$16.51', 'No', '$16.51', 'Cotton', 'Casual', 'Colorful Dress', '1', 'No', 'Yes', 'Yes', 'Yes', 'No', 'No', 'Yes')</msg>
<msg timestamp="20201102 11:54:41.007" level="INFO">('cotton', '4', '7', 'Printed Chiffon Dress', 'Printed chiffon knee length dress with tank straps. Deep v-neckline.', 'New', '$20.50', 'Yes', '$16.40', 'Polyester', 'Girly', 'Midi Dress', '7', 'No', 'Yes', 'Yes', 'No', 'Yes', 'Yes', 'No')</msg>
<msg timestamp="20201102 11:54:41.007" level="INFO">('Polyester', '5', '7', 'Printed Summer Dress', 'Long printed dress with thin adjustable straps. V-neckline and wiring under the bust with ruffles at the bottom of the dress.', 'New', '$30.51', 'Yes', '$28.98', 'Viscose', 'Casual', 'Maxi Dress', '5', 'No', 'Yes', 'Yes', 'No', 'No', 'No', 'No')</msg>
<msg timestamp="20201102 11:54:41.007" level="INFO">('Girly', '6', '7', 'Printed Summer Dress', 'Sleeveless knee-length chiffon dress. V-neckline with elastic under the bust lining.', 'New', '$30.50', 'No', '$30.50', 'Polyester', 'Girly', 'Short Dress', '6', 'No', 'Yes', 'Yes', 'No', 'Yes', 'Yes', 'Yes')</msg>
<msg timestamp="20201102 11:54:41.007" level="INFO">('Short Dress', '7', '7', 'Printed Dress', 'Printed evening dress with straight sleeves with black thin waist belt and ruffled linings.', 'New', '$50.99', 'No', '$50.99', 'Viscose', 'Dressy', 'Short Dress', '4', 'No', 'Yes', 'No', 'No', 'No', 'No', 'Yes')</msg>
<status status="PASS" starttime="20201102 11:54:41.005" endtime="20201102 11:54:41.007"></status>
</kw>
<kw name="Set Test Variable" library="BuiltIn">
<doc>Makes a variable available everywhere within the scope of the current test.</doc>
<arguments>
<arg>${count2}</arg>
<arg>0</arg>
</arguments>
<msg timestamp="20201102 11:54:41.011" level="INFO">${count2} = 0</msg>
<status status="PASS" starttime="20201102 11:54:41.008" endtime="20201102 11:54:41.011"></status>
</kw>
<kw name="Log" library="BuiltIn">
<doc>Logs the given message with the given level.</doc>
<arguments>
<arg>${FoundInSearch}</arg>
</arguments>
<msg timestamp="20201102 11:54:41.012" level="INFO">13</msg>
<status status="PASS" starttime="20201102 11:54:41.011" endtime="20201102 11:54:41.012"></status>
</kw>
<kw name="${i2} IN [ @{Search2Items} ]" type="for">
<kw name="${i2} = ('blouse', '1', '1', 'Blouse', 'Short sleeved blouse with feminine draped sleeve detail.', 'New', '$27.00', 'No', '$27.00', 'Cotton', 'Casual', 'Short Sleeve', '2', 'Yes', 'Yes', 'No', 'Yes', 'No', 'N..." type="foritem">
<kw name="Set Test Variable" library="BuiltIn">
<doc>Makes a variable available everywhere within the scope of the current test.</doc>
<arguments>
<arg>${Search2Items}</arg>
</arguments>
<msg timestamp="20201102 11:54:41.014" level="INFO">${Search2Items} = [('blouse', '1', '1', 'Blouse', 'Short sleeved blouse with feminine draped sleeve detail.', 'New', '$27.00', 'No', '$27.00', 'Cotton', 'Casual', 'Short Sleeve', '2', 'Yes', 'Yes', 'No', 'Yes', 'No', '...</msg>
<status status="PASS" starttime="20201102 11:54:41.013" endtime="20201102 11:54:41.015"></status>
</kw>
<kw name="Log" library="BuiltIn">
<doc>Logs the given message with the given level.</doc>
<arguments>
<arg>${Search2Items[${count2}][${FoundInSearch}]}</arg>
</arguments>
<msg timestamp="20201102 11:54:41.016" level="INFO">Yes</msg>
<status status="PASS" starttime="20201102 11:54:41.015" endtime="20201102 11:54:41.016"></status>
</kw>
<kw name="Run Keyword If" library="BuiltIn">
<doc>Runs the given keyword with the given arguments, if ``condition`` is true.</doc>
<arguments>
<arg>'${Search2Items[${count2}][${FoundInSearch}]}' == 'Yes'</arg>
<arg>Find Elements In Search</arg>
</arguments>
<kw name="Find Elements In Search" library="General">
<kw name="Run Keyword If" library="BuiltIn">
<doc>Runs the given keyword with the given arguments, if ``condition`` is true.</doc>
<arguments>
<arg>'${Search2Items[${count2}][7]}' == 'Yes'</arg>
<arg>Run keyword and continue on failure</arg>
<arg>I confirm an item named [${Search2Items[${count2}][3]}] described as [${Search2Items[${count2}][4]}] and is on sale at [${Search2Items[${count2}][8]}] originally costing [${Search2Items[${count2}][6]}] appears in the Search Results</arg>
</arguments>
<status status="PASS" starttime="20201102 11:54:41.019" endtime="20201102 11:54:41.020"></status>
</kw>
<kw name="Run Keyword If" library="BuiltIn">
<doc>Runs the given keyword with the given arguments, if ``condition`` is true.</doc>
<arguments>
<arg>'${Search2Items[${count2}][7]}' == 'No'</arg>
<arg>Run keyword and continue on failure</arg>
<arg>I confirm an item named [${Search2Items[${count2}][3]}] described as [${Search2Items[${count2}][4]}] and costing [${Search2Items[${count2}][6]}] appears in the Search Results</arg>
</arguments>
<kw name="Run Keyword And Continue On Failure" library="BuiltIn">
<doc>Runs the keyword and continues execution even if a failure occurs.</doc>
<arguments>
<arg>I confirm an item named [${Search2Items[${count2}][3]}] described as [${Search2Items[${count2}][4]}] and costing [${Search2Items[${count2}][6]}] appears in the Search Results</arg>
</arguments>
<kw name="I confirm an item named [Blouse] described as [Short sleeved blouse with feminine draped sleeve detail.] and costing [$27.00] appears in the Search Results" library="General">
<kw name="Page Should Contain Element" library="Selenium2Library">
<doc>Verifies that element ``locator`` is found on the current page.</doc>
<arguments>
<arg>//*[contains(@class, 'product_list')]//*[@class='product-name' and contains(., '${ItemName}')]//ancestor::*[(@class='right-block')]//*[@class='product-desc' and contains(., "${ItemDescription}")]//ancestor::*[(@class='right-block')]//*[@class='price product-price' and contains(., '${ItemPrice}')]</arg>
</arguments>
<msg timestamp="20201102 11:54:41.538" level="INFO">Current page contains element '//*[contains(@class, 'product_list')]//*[@class='product-name' and contains(., 'Blouse')]//ancestor::*[(@class='right-block')]//*[@class='product-desc' and contains(., "Short sleeved blouse with feminine draped sleeve detail.")]//ancestor::*[(@class='right-block')]//*[@class='price product-price' and contains(., '$27.00')]'.</msg>
<status status="PASS" starttime="20201102 11:54:41.023" endtime="20201102 11:54:41.538"></status>
</kw>
<status status="PASS" starttime="20201102 11:54:41.022" endtime="20201102 11:54:41.539"></status>
</kw>
<status status="PASS" starttime="20201102 11:54:41.021" endtime="20201102 11:54:41.539"></status>
</kw>
<status status="PASS" starttime="20201102 11:54:41.020" endtime="20201102 11:54:41.539"></status>
</kw>
<status status="PASS" starttime="20201102 11:54:41.018" endtime="20201102 11:54:41.540"></status>
</kw>
<status status="PASS" starttime="20201102 11:54:41.017" endtime="20201102 11:54:41.540"></status>
</kw>
<kw name="Run Keyword If" library="BuiltIn">
<doc>Runs the given keyword with the given arguments, if ``condition`` is true.</doc>
<arguments>
<arg>'${Search2Items[${count2}][${FoundInSearch}]}' == 'No'</arg>
<arg>Do Not Find Elements In Search</arg>
</arguments>
<status status="PASS" starttime="20201102 11:54:41.541" endtime="20201102 11:54:41.543"></status>
</kw>
<kw name="Evaluate" library="BuiltIn">
<doc>Evaluates the given expression in Python and returns the result.</doc>
<arguments>
<arg>int(${count2})+1</arg>
</arguments>
<assign>
<var>${newcount2}</var>
</assign>
<msg timestamp="20201102 11:54:41.545" level="INFO">${newcount2} = 1</msg>
<status status="PASS" starttime="20201102 11:54:41.543" endtime="20201102 11:54:41.545"></status>
</kw>
<kw name="Set Test Variable" library="BuiltIn">
<doc>Makes a variable available everywhere within the scope of the current test.</doc>
<arguments>
<arg>${count2}</arg>
<arg>${newcount2}</arg>
</arguments>
<msg timestamp="20201102 11:54:41.547" level="INFO">${count2} = 1</msg>
<status status="PASS" starttime="20201102 11:54:41.545" endtime="20201102 11:54:41.547"></status>
</kw>
<status status="PASS" starttime="20201102 11:54:41.013" endtime="20201102 11:54:41.547"></status>
</kw>
<kw name="${i2} = ('dress', '2', '7', 'Printed Dress', '100\\% cotton double printed dress. Black and white striped top and orange high waisted skater skirt bottom.', 'New', '$26.00', 'No', '$26.00', 'Cotton', 'Girly',..." type="foritem">
<kw name="Set Test Variable" library="BuiltIn">
<doc>Makes a variable available everywhere within the scope of the current test.</doc>
<arguments>
<arg>${Search2Items}</arg>
</arguments>
<msg timestamp="20201102 11:54:41.550" level="INFO">${Search2Items} = [('blouse', '1', '1', 'Blouse', 'Short sleeved blouse with feminine draped sleeve detail.', 'New', '$27.00', 'No', '$27.00', 'Cotton', 'Casual', 'Short Sleeve', '2', 'Yes', 'Yes', 'No', 'Yes', 'No', '...</msg>
<status status="PASS" starttime="20201102 11:54:41.548" endtime="20201102 11:54:41.550"></status>
</kw>
<kw name="Log" library="BuiltIn">
<doc>Logs the given message with the given level.</doc>
<arguments>
<arg>${Search2Items[${count2}][${FoundInSearch}]}</arg>
</arguments>
<msg timestamp="20201102 11:54:41.552" level="INFO">No</msg>
<status status="PASS" starttime="20201102 11:54:41.551" endtime="20201102 11:54:41.553"></status>
</kw>
<kw name="Run Keyword If" library="BuiltIn">
<doc>Runs the given keyword with the given arguments, if ``condition`` is true.</doc>
<arguments>
<arg>'${Search2Items[${count2}][${FoundInSearch}]}' == 'Yes'</arg>
<arg>Find Elements In Search</arg>
</arguments>
<status status="PASS" starttime="20201102 11:54:41.553" endtime="20201102 11:54:41.555"></status>
</kw>
<kw name="Run Keyword If" library="BuiltIn">
<doc>Runs the given keyword with the given arguments, if ``condition`` is true.</doc>
<arguments>
<arg>'${Search2Items[${count2}][${FoundInSearch}]}' == 'No'</arg>
<arg>Do Not Find Elements In Search</arg>
</arguments>
<kw name="Do Not Find Elements In Search" library="General">
<kw name="Run Keyword And Continue On Failure" library="BuiltIn">
<doc>Runs the keyword and continues execution even if a failure occurs.</doc>
<arguments>
<arg>I confirm my item Described as [${Search2Items[${count2}][4]}] does not appear in the Search Results</arg>
</arguments>
<kw name="I confirm my item Described as [100\% cotton double printed dress. Black and white striped top and orange high waisted skater skirt bottom.] does not appear in the Search Results" library="General">
<kw name="Page Should Not Contain Element" library="Selenium2Library">
<doc>Verifies that element ``locator`` is found on the current page.</doc>
<arguments>
<arg>//*[contains(@class, 'product_list')]//*[@class='product-desc' and contains(., "${ItemDescription}")]</arg>
</arguments>
<msg timestamp="20201102 11:54:42.084" level="INFO">Current page does not contain element '//*[contains(@class, 'product_list')]//*[@class='product-desc' and contains(., "100% cotton double printed dress. Black and white striped top and orange high waisted skater skirt bottom.")]'.</msg>
<status status="PASS" starttime="20201102 11:54:41.561" endtime="20201102 11:54:42.084"></status>
</kw>
<status status="PASS" starttime="20201102 11:54:41.560" endtime="20201102 11:54:42.085"></status>
</kw>
<status status="PASS" starttime="20201102 11:54:41.559" endtime="20201102 11:54:42.085"></status>
</kw>
<kw name="Run Keyword And Continue On Failure" library="BuiltIn">
<doc>Runs the keyword and continues execution even if a failure occurs.</doc>
<arguments>
<arg>I confirm my item priced at [${Search2Items[${count2}][6]}] does not appear in the Search Results</arg>
</arguments>
<kw name="I confirm my item priced at [$26.00] does not appear in the Search Results" library="General">
<kw name="Page Should Not Contain Element" library="Selenium2Library">
<doc>Verifies that element ``locator`` is found on the current page.</doc>
<arguments>
<arg>//*[contains(@class, 'product_list')]//*[@class='price product-price' and contains(., '${ItemPrice}')]</arg>
</arguments>
<msg timestamp="20201102 11:54:42.624" level="INFO">Current page does not contain element '//*[contains(@class, 'product_list')]//*[@class='price product-price' and contains(., '$26.00')]'.</msg>
<status status="PASS" starttime="20201102 11:54:42.090" endtime="20201102 11:54:42.624"></status>
</kw>
<status status="PASS" starttime="20201102 11:54:42.088" endtime="20201102 11:54:42.625"></status>
</kw>
<status status="PASS" starttime="20201102 11:54:42.086" endtime="20201102 11:54:42.626"></status>
</kw>
<status status="PASS" starttime="20201102 11:54:41.557" endtime="20201102 11:54:42.626"></status>
</kw>
<status status="PASS" starttime="20201102 11:54:41.556" endtime="20201102 11:54:42.626"></status>
</kw>
<kw name="Evaluate" library="BuiltIn">
<doc>Evaluates the given expression in Python and returns the result.</doc>
<arguments>
<arg>int(${count2})+1</arg>
</arguments>
<assign>
<var>${newcount2}</var>
</assign>
<msg timestamp="20201102 11:54:42.628" level="INFO">${newcount2} = 2</msg>
<status status="PASS" starttime="20201102 11:54:42.627" endtime="20201102 11:54:42.629"></status>
</kw>
<kw name="Set Test Variable" library="BuiltIn">
<doc>Makes a variable available everywhere within the scope of the current test.</doc>
<arguments>
<arg>${count2}</arg>
<arg>${newcount2}</arg>
</arguments>
<msg timestamp="20201102 11:54:42.631" level="INFO">${count2} = 2</msg>
<status status="PASS" starttime="20201102 11:54:42.629" endtime="20201102 11:54:42.631"></status>
</kw>
<status status="PASS" starttime="20201102 11:54:41.548" endtime="20201102 11:54:42.631"></status>
</kw>
<kw name="${i2} = ('summer', '3', '4', 'Faded Short Sleeve T-shirts', &quot;Faded short sleeve t-shirt with high neckline. Soft and stretchy material for a comfortable fit. Accessorize with a straw hat and you're ready for ..." type="foritem">
<kw name="Set Test Variable" library="BuiltIn">
<doc>Makes a variable available everywhere within the scope of the current test.</doc>
<arguments>
<arg>${Search2Items}</arg>
</arguments>
<msg timestamp="20201102 11:54:42.634" level="INFO">${Search2Items} = [('blouse', '1', '1', 'Blouse', 'Short sleeved blouse with feminine draped sleeve detail.', 'New', '$27.00', 'No', '$27.00', 'Cotton', 'Casual', 'Short Sleeve', '2', 'Yes', 'Yes', 'No', 'Yes', 'No', '...</msg>
<status status="PASS" starttime="20201102 11:54:42.632" endtime="20201102 11:54:42.634"></status>
</kw>
<kw name="Log" library="BuiltIn">
<doc>Logs the given message with the given level.</doc>
<arguments>
<arg>${Search2Items[${count2}][${FoundInSearch}]}</arg>
</arguments>
<msg timestamp="20201102 11:54:42.636" level="INFO">No</msg>
<status status="PASS" starttime="20201102 11:54:42.635" endtime="20201102 11:54:42.637"></status>
</kw>
<kw name="Run Keyword If" library="BuiltIn">
<doc>Runs the given keyword with the given arguments, if ``condition`` is true.</doc>
<arguments>
<arg>'${Search2Items[${count2}][${FoundInSearch}]}' == 'Yes'</arg>
<arg>Find Elements In Search</arg>
</arguments>
<status status="PASS" starttime="20201102 11:54:42.637" endtime="20201102 11:54:42.639"></status>
</kw>
<kw name="Run Keyword If" library="BuiltIn">
<doc>Runs the given keyword with the given arguments, if ``condition`` is true.</doc>
<arguments>
<arg>'${Search2Items[${count2}][${FoundInSearch}]}' == 'No'</arg>
<arg>Do Not Find Elements In Search</arg>
</arguments>
<kw name="Do Not Find Elements In Search" library="General">
<kw name="Run Keyword And Continue On Failure" library="BuiltIn">
<doc>Runs the keyword and continues execution even if a failure occurs.</doc>
<arguments>
<arg>I confirm my item Described as [${Search2Items[${count2}][4]}] does not appear in the Search Results</arg>
</arguments>
<kw name="I confirm my item Described as [Faded short sleeve t-shirt with high neckline. Soft and stretchy material for a comfortable fit. Accessorize with a straw hat and you're ready for summer!] does not appear in the Search Results" library="General">
<kw name="Page Should Not Contain Element" library="Selenium2Library">
<doc>Verifies that element ``locator`` is found on the current page.</doc>
<arguments>
<arg>//*[contains(@class, 'product_list')]//*[@class='product-desc' and contains(., "${ItemDescription}")]</arg>
</arguments>
<msg timestamp="20201102 11:54:43.177" level="INFO">Current page does not contain element '//*[contains(@class, 'product_list')]//*[@class='product-desc' and contains(., "Faded short sleeve t-shirt with high neckline. Soft and stretchy material for a comfortable fit. Accessorize with a straw hat and you're ready for summer!")]'.</msg>
<status status="PASS" starttime="20201102 11:54:42.646" endtime="20201102 11:54:43.177"></status>
</kw>
<status status="PASS" starttime="20201102 11:54:42.645" endtime="20201102 11:54:43.177"></status>
</kw>
<status status="PASS" starttime="20201102 11:54:42.643" endtime="20201102 11:54:43.177"></status>
</kw>
<kw name="Run Keyword And Continue On Failure" library="BuiltIn">
<doc>Runs the keyword and continues execution even if a failure occurs.</doc>
<arguments>
<arg>I confirm my item priced at [${Search2Items[${count2}][6]}] does not appear in the Search Results</arg>
</arguments>
<kw name="I confirm my item priced at [$16.51] does not appear in the Search Results" library="General">
<kw name="Page Should Not Contain Element" library="Selenium2Library">
<doc>Verifies that element ``locator`` is found on the current page.</doc>
<arguments>
<arg>//*[contains(@class, 'product_list')]//*[@class='price product-price' and contains(., '${ItemPrice}')]</arg>
</arguments>
<msg timestamp="20201102 11:54:43.691" level="INFO">Current page does not contain element '//*[contains(@class, 'product_list')]//*[@class='price product-price' and contains(., '$16.51')]'.</msg>
<status status="PASS" starttime="20201102 11:54:43.179" endtime="20201102 11:54:43.691"></status>
</kw>
<status status="PASS" starttime="20201102 11:54:43.178" endtime="20201102 11:54:43.692"></status>
</kw>
<status status="PASS" starttime="20201102 11:54:43.177" endtime="20201102 11:54:43.692"></status>
</kw>
<status status="PASS" starttime="20201102 11:54:42.641" endtime="20201102 11:54:43.693"></status>
</kw>
<status status="PASS" starttime="20201102 11:54:42.639" endtime="20201102 11:54:43.693"></status>
</kw>
<kw name="Evaluate" library="BuiltIn">
<doc>Evaluates the given expression in Python and returns the result.</doc>
<arguments>
<arg>int(${count2})+1</arg>
</arguments>
<assign>
<var>${newcount2}</var>
</assign>
<msg timestamp="20201102 11:54:43.695" level="INFO">${newcount2} = 3</msg>
<status status="PASS" starttime="20201102 11:54:43.694" endtime="20201102 11:54:43.695"></status>
</kw>
<kw name="Set Test Variable" library="BuiltIn">
<doc>Makes a variable available everywhere within the scope of the current test.</doc>
<arguments>
<arg>${count2}</arg>
<arg>${newcount2}</arg>
</arguments>
<msg timestamp="20201102 11:54:43.697" level="INFO">${count2} = 3</msg>
<status status="PASS" starttime="20201102 11:54:43.696" endtime="20201102 11:54:43.698"></status>
</kw>
<status status="PASS" starttime="20201102 11:54:42.631" endtime="20201102 11:54:43.698"></status>
</kw>
<kw name="${i2} = ('cotton', '4', '7', 'Printed Chiffon Dress', 'Printed chiffon knee length dress with tank straps. Deep v-neckline.', 'New', '$20.50', 'Yes', '$16.40', 'Polyester', 'Girly', 'Midi Dress', '7', 'No', '..." type="foritem">
<kw name="Set Test Variable" library="BuiltIn">
<doc>Makes a variable available everywhere within the scope of the current test.</doc>
<arguments>
<arg>${Search2Items}</arg>
</arguments>
<msg timestamp="20201102 11:54:43.700" level="INFO">${Search2Items} = [('blouse', '1', '1', 'Blouse', 'Short sleeved blouse with feminine draped sleeve detail.', 'New', '$27.00', 'No', '$27.00', 'Cotton', 'Casual', 'Short Sleeve', '2', 'Yes', 'Yes', 'No', 'Yes', 'No', '...</msg>
<status status="PASS" starttime="20201102 11:54:43.699" endtime="20201102 11:54:43.701"></status>
</kw>
<kw name="Log" library="BuiltIn">
<doc>Logs the given message with the given level.</doc>
<arguments>
<arg>${Search2Items[${count2}][${FoundInSearch}]}</arg>
</arguments>
<msg timestamp="20201102 11:54:43.703" level="INFO">No</msg>
<status status="PASS" starttime="20201102 11:54:43.701" endtime="20201102 11:54:43.703"></status>
</kw>
<kw name="Run Keyword If" library="BuiltIn">
<doc>Runs the given keyword with the given arguments, if ``condition`` is true.</doc>
<arguments>
<arg>'${Search2Items[${count2}][${FoundInSearch}]}' == 'Yes'</arg>
<arg>Find Elements In Search</arg>
</arguments>
<status status="PASS" starttime="20201102 11:54:43.704" endtime="20201102 11:54:43.706"></status>
</kw>
<kw name="Run Keyword If" library="BuiltIn">
<doc>Runs the given keyword with the given arguments, if ``condition`` is true.</doc>
<arguments>
<arg>'${Search2Items[${count2}][${FoundInSearch}]}' == 'No'</arg>
<arg>Do Not Find Elements In Search</arg>
</arguments>
<kw name="Do Not Find Elements In Search" library="General">
<kw name="Run Keyword And Continue On Failure" library="BuiltIn">
<doc>Runs the keyword and continues execution even if a failure occurs.</doc>
<arguments>
<arg>I confirm my item Described as [${Search2Items[${count2}][4]}] does not appear in the Search Results</arg>
</arguments>
<kw name="I confirm my item Described as [Printed chiffon knee length dress with tank straps. Deep v-neckline.] does not appear in the Search Results" library="General">
<kw name="Page Should Not Contain Element" library="Selenium2Library">
<doc>Verifies that element ``locator`` is found on the current page.</doc>
<arguments>
<arg>//*[contains(@class, 'product_list')]//*[@class='product-desc' and contains(., "${ItemDescription}")]</arg>
</arguments>
<msg timestamp="20201102 11:54:44.253" level="INFO">Current page does not contain element '//*[contains(@class, 'product_list')]//*[@class='product-desc' and contains(., "Printed chiffon knee length dress with tank straps. Deep v-neckline.")]'.</msg>
<status status="PASS" starttime="20201102 11:54:43.715" endtime="20201102 11:54:44.253"></status>
</kw>
<status status="PASS" starttime="20201102 11:54:43.713" endtime="20201102 11:54:44.254"></status>
</kw>
<status status="PASS" starttime="20201102 11:54:43.711" endtime="20201102 11:54:44.254"></status>
</kw>
<kw name="Run Keyword And Continue On Failure" library="BuiltIn">
<doc>Runs the keyword and continues execution even if a failure occurs.</doc>
<arguments>
<arg>I confirm my item priced at [${Search2Items[${count2}][6]}] does not appear in the Search Results</arg>
</arguments>
<kw name="I confirm my item priced at [$20.50] does not appear in the Search Results" library="General">
<kw name="Page Should Not Contain Element" library="Selenium2Library">
<doc>Verifies that element ``locator`` is found on the current page.</doc>
<arguments>
<arg>//*[contains(@class, 'product_list')]//*[@class='price product-price' and contains(., '${ItemPrice}')]</arg>
</arguments>
<msg timestamp="20201102 11:54:44.797" level="INFO">Current page does not contain element '//*[contains(@class, 'product_list')]//*[@class='price product-price' and contains(., '$20.50')]'.</msg>
<status status="PASS" starttime="20201102 11:54:44.259" endtime="20201102 11:54:44.797"></status>
</kw>
<status status="PASS" starttime="20201102 11:54:44.257" endtime="20201102 11:54:44.798"></status>
</kw>
<status status="PASS" starttime="20201102 11:54:44.255" endtime="20201102 11:54:44.798"></status>
</kw>
<status status="PASS" starttime="20201102 11:54:43.708" endtime="20201102 11:54:44.799"></status>
</kw>
<status status="PASS" starttime="20201102 11:54:43.706" endtime="20201102 11:54:44.799"></status>
</kw>
<kw name="Evaluate" library="BuiltIn">
<doc>Evaluates the given expression in Python and returns the result.</doc>
<arguments>
<arg>int(${count2})+1</arg>
</arguments>
<assign>
<var>${newcount2}</var>
</assign>
<msg timestamp="20201102 11:54:44.801" level="INFO">${newcount2} = 4</msg>
<status status="PASS" starttime="20201102 11:54:44.800" endtime="20201102 11:54:44.801"></status>
</kw>
<kw name="Set Test Variable" library="BuiltIn">
<doc>Makes a variable available everywhere within the scope of the current test.</doc>
<arguments>
<arg>${count2}</arg>
<arg>${newcount2}</arg>
</arguments>
<msg timestamp="20201102 11:54:44.803" level="INFO">${count2} = 4</msg>
<status status="PASS" starttime="20201102 11:54:44.802" endtime="20201102 11:54:44.804"></status>
</kw>
<status status="PASS" starttime="20201102 11:54:43.698" endtime="20201102 11:54:44.804"></status>
</kw>
<kw name="${i2} = ('Polyester', '5', '7', 'Printed Summer Dress', 'Long printed dress with thin adjustable straps. V-neckline and wiring under the bust with ruffles at the bottom of the dress.', 'New', '$30.51', 'Yes',..." type="foritem">
<kw name="Set Test Variable" library="BuiltIn">
<doc>Makes a variable available everywhere within the scope of the current test.</doc>
<arguments>
<arg>${Search2Items}</arg>
</arguments>
<msg timestamp="20201102 11:54:44.806" level="INFO">${Search2Items} = [('blouse', '1', '1', 'Blouse', 'Short sleeved blouse with feminine draped sleeve detail.', 'New', '$27.00', 'No', '$27.00', 'Cotton', 'Casual', 'Short Sleeve', '2', 'Yes', 'Yes', 'No', 'Yes', 'No', '...</msg>
<status status="PASS" starttime="20201102 11:54:44.805" endtime="20201102 11:54:44.807"></status>
</kw>
<kw name="Log" library="BuiltIn">
<doc>Logs the given message with the given level.</doc>
<arguments>
<arg>${Search2Items[${count2}][${FoundInSearch}]}</arg>
</arguments>
<msg timestamp="20201102 11:54:44.809" level="INFO">No</msg>
<status status="PASS" starttime="20201102 11:54:44.807" endtime="20201102 11:54:44.809"></status>
</kw>
<kw name="Run Keyword If" library="BuiltIn">
<doc>Runs the given keyword with the given arguments, if ``condition`` is true.</doc>
<arguments>
<arg>'${Search2Items[${count2}][${FoundInSearch}]}' == 'Yes'</arg>
<arg>Find Elements In Search</arg>
</arguments>
<status status="PASS" starttime="20201102 11:54:44.810" endtime="20201102 11:54:44.811"></status>
</kw>
<kw name="Run Keyword If" library="BuiltIn">
<doc>Runs the given keyword with the given arguments, if ``condition`` is true.</doc>
<arguments>
<arg>'${Search2Items[${count2}][${FoundInSearch}]}' == 'No'</arg>
<arg>Do Not Find Elements In Search</arg>
</arguments>
<kw name="Do Not Find Elements In Search" library="General">
<kw name="Run Keyword And Continue On Failure" library="BuiltIn">
<doc>Runs the keyword and continues execution even if a failure occurs.</doc>
<arguments>
<arg>I confirm my item Described as [${Search2Items[${count2}][4]}] does not appear in the Search Results</arg>
</arguments>
<kw name="I confirm my item Described as [Long printed dress with thin adjustable straps. V-neckline and wiring under the bust with ruffles at the bottom of the dress.] does not appear in the Search Results" library="General">
<kw name="Page Should Not Contain Element" library="Selenium2Library">
<doc>Verifies that element ``locator`` is found on the current page.</doc>
<arguments>
<arg>//*[contains(@class, 'product_list')]//*[@class='product-desc' and contains(., "${ItemDescription}")]</arg>
</arguments>
<msg timestamp="20201102 11:54:45.341" level="INFO">Current page does not contain element '//*[contains(@class, 'product_list')]//*[@class='product-desc' and contains(., "Long printed dress with thin adjustable straps. V-neckline and wiring under the bust with ruffles at the bottom of the dress.")]'.</msg>
<status status="PASS" starttime="20201102 11:54:44.820" endtime="20201102 11:54:45.341"></status>
</kw>
<status status="PASS" starttime="20201102 11:54:44.818" endtime="20201102 11:54:45.342"></status>
</kw>
<status status="PASS" starttime="20201102 11:54:44.816" endtime="20201102 11:54:45.342"></status>
</kw>
<kw name="Run Keyword And Continue On Failure" library="BuiltIn">
<doc>Runs the keyword and continues execution even if a failure occurs.</doc>
<arguments>
<arg>I confirm my item priced at [${Search2Items[${count2}][6]}] does not appear in the Search Results</arg>
</arguments>
<kw name="I confirm my item priced at [$30.51] does not appear in the Search Results" library="General">
<kw name="Page Should Not Contain Element" library="Selenium2Library">
<doc>Verifies that element ``locator`` is found on the current page.</doc>
<arguments>
<arg>//*[contains(@class, 'product_list')]//*[@class='price product-price' and contains(., '${ItemPrice}')]</arg>
</arguments>
<msg timestamp="20201102 11:54:45.884" level="INFO">Current page does not contain element '//*[contains(@class, 'product_list')]//*[@class='price product-price' and contains(., '$30.51')]'.</msg>
<status status="PASS" starttime="20201102 11:54:45.347" endtime="20201102 11:54:45.884"></status>
</kw>
<status status="PASS" starttime="20201102 11:54:45.345" endtime="20201102 11:54:45.885"></status>
</kw>
<status status="PASS" starttime="20201102 11:54:45.343" endtime="20201102 11:54:45.885"></status>
</kw>
<status status="PASS" starttime="20201102 11:54:44.814" endtime="20201102 11:54:45.886"></status>
</kw>
<status status="PASS" starttime="20201102 11:54:44.812" endtime="20201102 11:54:45.886"></status>
</kw>
<kw name="Evaluate" library="BuiltIn">
<doc>Evaluates the given expression in Python and returns the result.</doc>
<arguments>
<arg>int(${count2})+1</arg>
</arguments>
<assign>
<var>${newcount2}</var>
</assign>
<msg timestamp="20201102 11:54:45.888" level="INFO">${newcount2} = 5</msg>
<status status="PASS" starttime="20201102 11:54:45.887" endtime="20201102 11:54:45.888"></status>
</kw>
<kw name="Set Test Variable" library="BuiltIn">
<doc>Makes a variable available everywhere within the scope of the current test.</doc>
<arguments>
<arg>${count2}</arg>
<arg>${newcount2}</arg>
</arguments>
<msg timestamp="20201102 11:54:45.890" level="INFO">${count2} = 5</msg>
<status status="PASS" starttime="20201102 11:54:45.889" endtime="20201102 11:54:45.891"></status>
</kw>
<status status="PASS" starttime="20201102 11:54:44.804" endtime="20201102 11:54:45.891"></status>
</kw>
<kw name="${i2} = ('Girly', '6', '7', 'Printed Summer Dress', 'Sleeveless knee-length chiffon dress. V-neckline with elastic under the bust lining.', 'New', '$30.50', 'No', '$30.50', 'Polyester', 'Girly', 'Short Dress'..." type="foritem">
<kw name="Set Test Variable" library="BuiltIn">
<doc>Makes a variable available everywhere within the scope of the current test.</doc>
<arguments>
<arg>${Search2Items}</arg>
</arguments>
<msg timestamp="20201102 11:54:45.893" level="INFO">${Search2Items} = [('blouse', '1', '1', 'Blouse', 'Short sleeved blouse with feminine draped sleeve detail.', 'New', '$27.00', 'No', '$27.00', 'Cotton', 'Casual', 'Short Sleeve', '2', 'Yes', 'Yes', 'No', 'Yes', 'No', '...</msg>
<status status="PASS" starttime="20201102 11:54:45.892" endtime="20201102 11:54:45.894"></status>
</kw>
<kw name="Log" library="BuiltIn">
<doc>Logs the given message with the given level.</doc>
<arguments>
<arg>${Search2Items[${count2}][${FoundInSearch}]}</arg>
</arguments>
<msg timestamp="20201102 11:54:45.896" level="INFO">No</msg>
<status status="PASS" starttime="20201102 11:54:45.894" endtime="20201102 11:54:45.896"></status>
</kw>
<kw name="Run Keyword If" library="BuiltIn">
<doc>Runs the given keyword with the given arguments, if ``condition`` is true.</doc>
<arguments>
<arg>'${Search2Items[${count2}][${FoundInSearch}]}' == 'Yes'</arg>
<arg>Find Elements In Search</arg>
</arguments>
<status status="PASS" starttime="20201102 11:54:45.897" endtime="20201102 11:54:45.898"></status>
</kw>
<kw name="Run Keyword If" library="BuiltIn">
<doc>Runs the given keyword with the given arguments, if ``condition`` is true.</doc>
<arguments>
<arg>'${Search2Items[${count2}][${FoundInSearch}]}' == 'No'</arg>
<arg>Do Not Find Elements In Search</arg>
</arguments>
<kw name="Do Not Find Elements In Search" library="General">
<kw name="Run Keyword And Continue On Failure" library="BuiltIn">
<doc>Runs the keyword and continues execution even if a failure occurs.</doc>
<arguments>
<arg>I confirm my item Described as [${Search2Items[${count2}][4]}] does not appear in the Search Results</arg>
</arguments>
<kw name="I confirm my item Described as [Sleeveless knee-length chiffon dress. V-neckline with elastic under the bust lining.] does not appear in the Search Results" library="General">
<kw name="Page Should Not Contain Element" library="Selenium2Library">
<doc>Verifies that element ``locator`` is found on the current page.</doc>
<arguments>
<arg>//*[contains(@class, 'product_list')]//*[@class='product-desc' and contains(., "${ItemDescription}")]</arg>
</arguments>
<msg timestamp="20201102 11:54:46.426" level="INFO">Current page does not contain element '//*[contains(@class, 'product_list')]//*[@class='product-desc' and contains(., "Sleeveless knee-length chiffon dress. V-neckline with elastic under the bust lining.")]'.</msg>
<status status="PASS" starttime="20201102 11:54:45.907" endtime="20201102 11:54:46.426"></status>
</kw>
<status status="PASS" starttime="20201102 11:54:45.905" endtime="20201102 11:54:46.427"></status>
</kw>
<status status="PASS" starttime="20201102 11:54:45.903" endtime="20201102 11:54:46.427"></status>
</kw>
<kw name="Run Keyword And Continue On Failure" library="BuiltIn">
<doc>Runs the keyword and continues execution even if a failure occurs.</doc>
<arguments>
<arg>I confirm my item priced at [${Search2Items[${count2}][6]}] does not appear in the Search Results</arg>
</arguments>
<kw name="I confirm my item priced at [$30.50] does not appear in the Search Results" library="General">
<kw name="Page Should Not Contain Element" library="Selenium2Library">
<doc>Verifies that element ``locator`` is found on the current page.</doc>
<arguments>
<arg>//*[contains(@class, 'product_list')]//*[@class='price product-price' and contains(., '${ItemPrice}')]</arg>
</arguments>
<msg timestamp="20201102 11:54:46.965" level="INFO">Current page does not contain element '//*[contains(@class, 'product_list')]//*[@class='price product-price' and contains(., '$30.50')]'.</msg>
<status status="PASS" starttime="20201102 11:54:46.432" endtime="20201102 11:54:46.965"></status>
</kw>
<status status="PASS" starttime="20201102 11:54:46.430" endtime="20201102 11:54:46.966"></status>
</kw>
<status status="PASS" starttime="20201102 11:54:46.428" endtime="20201102 11:54:46.966"></status>
</kw>
<status status="PASS" starttime="20201102 11:54:45.901" endtime="20201102 11:54:46.967"></status>
</kw>
<status status="PASS" starttime="20201102 11:54:45.899" endtime="20201102 11:54:46.967"></status>
</kw>
<kw name="Evaluate" library="BuiltIn">
<doc>Evaluates the given expression in Python and returns the result.</doc>
<arguments>
<arg>int(${count2})+1</arg>
</arguments>
<assign>
<var>${newcount2}</var>
</assign>
<msg timestamp="20201102 11:54:46.969" level="INFO">${newcount2} = 6</msg>
<status status="PASS" starttime="20201102 11:54:46.968" endtime="20201102 11:54:46.969"></status>
</kw>
<kw name="Set Test Variable" library="BuiltIn">
<doc>Makes a variable available everywhere within the scope of the current test.</doc>
<arguments>
<arg>${count2}</arg>
<arg>${newcount2}</arg>
</arguments>
<msg timestamp="20201102 11:54:46.971" level="INFO">${count2} = 6</msg>
<status status="PASS" starttime="20201102 11:54:46.970" endtime="20201102 11:54:46.971"></status>
</kw>
<status status="PASS" starttime="20201102 11:54:45.891" endtime="20201102 11:54:46.972"></status>
</kw>
<kw name="${i2} = ('Short Dress', '7', '7', 'Printed Dress', 'Printed evening dress with straight sleeves with black thin waist belt and ruffled linings.', 'New', '$50.99', 'No', '$50.99', 'Viscose', 'Dressy', 'Short D..." type="foritem">
<kw name="Set Test Variable" library="BuiltIn">
<doc>Makes a variable available everywhere within the scope of the current test.</doc>
<arguments>
<arg>${Search2Items}</arg>
</arguments>
<msg timestamp="20201102 11:54:46.974" level="INFO">${Search2Items} = [('blouse', '1', '1', 'Blouse', 'Short sleeved blouse with feminine draped sleeve detail.', 'New', '$27.00', 'No', '$27.00', 'Cotton', 'Casual', 'Short Sleeve', '2', 'Yes', 'Yes', 'No', 'Yes', 'No', '...</msg>
<status status="PASS" starttime="20201102 11:54:46.973" endtime="20201102 11:54:46.975"></status>
</kw>
<kw name="Log" library="BuiltIn">
<doc>Logs the given message with the given level.</doc>
<arguments>
<arg>${Search2Items[${count2}][${FoundInSearch}]}</arg>
</arguments>
<msg timestamp="20201102 11:54:46.977" level="INFO">No</msg>
<status status="PASS" starttime="20201102 11:54:46.975" endtime="20201102 11:54:46.978"></status>
</kw>
<kw name="Run Keyword If" library="BuiltIn">
<doc>Runs the given keyword with the given arguments, if ``condition`` is true.</doc>
<arguments>
<arg>'${Search2Items[${count2}][${FoundInSearch}]}' == 'Yes'</arg>
<arg>Find Elements In Search</arg>
</arguments>
<status status="PASS" starttime="20201102 11:54:46.978" endtime="20201102 11:54:46.980"></status>
</kw>
<kw name="Run Keyword If" library="BuiltIn">
<doc>Runs the given keyword with the given arguments, if ``condition`` is true.</doc>
<arguments>
<arg>'${Search2Items[${count2}][${FoundInSearch}]}' == 'No'</arg>
<arg>Do Not Find Elements In Search</arg>
</arguments>
<kw name="Do Not Find Elements In Search" library="General">
<kw name="Run Keyword And Continue On Failure" library="BuiltIn">
<doc>Runs the keyword and continues execution even if a failure occurs.</doc>
<arguments>
<arg>I confirm my item Described as [${Search2Items[${count2}][4]}] does not appear in the Search Results</arg>
</arguments>
<kw name="I confirm my item Described as [Printed evening dress with straight sleeves with black thin waist belt and ruffled linings.] does not appear in the Search Results" library="General">
<kw name="Page Should Not Contain Element" library="Selenium2Library">
<doc>Verifies that element ``locator`` is found on the current page.</doc>
<arguments>
<arg>//*[contains(@class, 'product_list')]//*[@class='product-desc' and contains(., "${ItemDescription}")]</arg>
</arguments>
<msg timestamp="20201102 11:54:47.520" level="INFO">Current page does not contain element '//*[contains(@class, 'product_list')]//*[@class='product-desc' and contains(., "Printed evening dress with straight sleeves with black thin waist belt and ruffled linings.")]'.</msg>
<status status="PASS" starttime="20201102 11:54:46.988" endtime="20201102 11:54:47.520"></status>
</kw>
<status status="PASS" starttime="20201102 11:54:46.986" endtime="20201102 11:54:47.521"></status>
</kw>
<status status="PASS" starttime="20201102 11:54:46.984" endtime="20201102 11:54:47.521"></status>
</kw>
<kw name="Run Keyword And Continue On Failure" library="BuiltIn">
<doc>Runs the keyword and continues execution even if a failure occurs.</doc>
<arguments>
<arg>I confirm my item priced at [${Search2Items[${count2}][6]}] does not appear in the Search Results</arg>
</arguments>
<kw name="I confirm my item priced at [$50.99] does not appear in the Search Results" library="General">
<kw name="Page Should Not Contain Element" library="Selenium2Library">
<doc>Verifies that element ``locator`` is found on the current page.</doc>
<arguments>
<arg>//*[contains(@class, 'product_list')]//*[@class='price product-price' and contains(., '${ItemPrice}')]</arg>
</arguments>
<msg timestamp="20201102 11:54:48.059" level="INFO">Current page does not contain element '//*[contains(@class, 'product_list')]//*[@class='price product-price' and contains(., '$50.99')]'.</msg>
<status status="PASS" starttime="20201102 11:54:47.525" endtime="20201102 11:54:48.059"></status>
</kw>
<status status="PASS" starttime="20201102 11:54:47.524" endtime="20201102 11:54:48.060"></status>
</kw>
<status status="PASS" starttime="20201102 11:54:47.522" endtime="20201102 11:54:48.060"></status>
</kw>
<status status="PASS" starttime="20201102 11:54:46.982" endtime="20201102 11:54:48.061"></status>
</kw>
<status status="PASS" starttime="20201102 11:54:46.980" endtime="20201102 11:54:48.061"></status>
</kw>
<kw name="Evaluate" library="BuiltIn">
<doc>Evaluates the given expression in Python and returns the result.</doc>
<arguments>
<arg>int(${count2})+1</arg>
</arguments>
<assign>
<var>${newcount2}</var>
</assign>
<msg timestamp="20201102 11:54:48.063" level="INFO">${newcount2} = 7</msg>
<status status="PASS" starttime="20201102 11:54:48.062" endtime="20201102 11:54:48.063"></status>
</kw>
<kw name="Set Test Variable" library="BuiltIn">
<doc>Makes a variable available everywhere within the scope of the current test.</doc>
<arguments>
<arg>${count2}</arg>
<arg>${newcount2}</arg>
</arguments>
<msg timestamp="20201102 11:54:48.065" level="INFO">${count2} = 7</msg>
<status status="PASS" starttime="20201102 11:54:48.064" endtime="20201102 11:54:48.066"></status>
</kw>
<status status="PASS" starttime="20201102 11:54:46.972" endtime="20201102 11:54:48.066"></status>
</kw>
<status status="PASS" starttime="20201102 11:54:41.012" endtime="20201102 11:54:48.066"></status>
</kw>
<status status="PASS" starttime="20201102 11:54:40.995" endtime="20201102 11:54:48.066"></status>
</kw>
<kw name="Evaluate" library="BuiltIn">
<doc>Evaluates the given expression in Python and returns the result.</doc>
<arguments>
<arg>int(${count})+1</arg>
</arguments>
<assign>
<var>${newcount}</var>
</assign>
<msg timestamp="20201102 11:54:48.068" level="INFO">${newcount} = 1</msg>
<status status="PASS" starttime="20201102 11:54:48.067" endtime="20201102 11:54:48.068"></status>
</kw>
<kw name="Set Test Variable" library="BuiltIn">
<doc>Makes a variable available everywhere within the scope of the current test.</doc>
<arguments>
<arg>${count}</arg>
<arg>${newcount}</arg>
</arguments>
<msg timestamp="20201102 11:54:48.070" level="INFO">${count} = 1</msg>
<status status="PASS" starttime="20201102 11:54:48.069" endtime="20201102 11:54:48.070"></status>
</kw>
<kw name="Evaluate" library="BuiltIn">
<doc>Evaluates the given expression in Python and returns the result.</doc>
<arguments>
<arg>int(${FoundInSearch})+1</arg>
</arguments>
<assign>
<var>${newFoundInSearch}</var>
</assign>
<msg timestamp="20201102 11:54:48.072" level="INFO">${newFoundInSearch} = 14</msg>
<status status="PASS" starttime="20201102 11:54:48.071" endtime="20201102 11:54:48.073"></status>
</kw>
<kw name="Set Test Variable" library="BuiltIn">
<doc>Makes a variable available everywhere within the scope of the current test.</doc>
<arguments>
<arg>${FoundInSearch}</arg>
<arg>${newFoundInSearch}</arg>
</arguments>
<msg timestamp="20201102 11:54:48.074" level="INFO">${FoundInSearch} = 14</msg>
<status status="PASS" starttime="20201102 11:54:48.073" endtime="20201102 11:54:48.075"></status>
</kw>
<status status="PASS" starttime="20201102 11:54:36.428" endtime="20201102 11:54:48.075"></status>
</kw>
<kw name="${i} = ('dress', '2', '7', 'Printed Dress', '100\\% cotton double printed dress. Black and white striped top and orange high waisted skater skirt bottom.', 'New', '$26.00', 'No', '$26.00', 'Cotton', 'Girly',..." type="foritem">
<kw name="Log" library="BuiltIn">
<doc>Logs the given message with the given level.</doc>
<arguments>
<arg>${SearchItems[${count}][0]}</arg>
</arguments>
<msg timestamp="20201102 11:54:48.077" level="INFO">dress</msg>
<status status="PASS" starttime="20201102 11:54:48.076" endtime="20201102 11:54:48.077"></status>
</kw>
<kw name="Input Text" library="Selenium2Library">
<doc>Types the given ``text`` into text field identified by ``locator``.</doc>
<arguments>
<arg>//input[@id='search_query_top']</arg>
<arg>${SearchItems[${count}][0]}</arg>
</arguments>
<msg timestamp="20201102 11:54:48.079" level="INFO">Typing text 'dress' into text field '//input[@id='search_query_top']'.</msg>
<status status="PASS" starttime="20201102 11:54:48.078" endtime="20201102 11:54:49.761"></status>
</kw>
<kw name="Click Element" library="Selenium2Library">
<doc>Click element identified by ``locator``.</doc>
<arguments>
<arg>//button[@name='submit_search']</arg>
</arguments>
<msg timestamp="20201102 11:54:49.763" level="INFO">Clicking element '//button[@name='submit_search']'.</msg>
<status status="PASS" starttime="20201102 11:54:49.762" endtime="20201102 11:54:53.304"></status>
</kw>
<kw name="Confirm whether each item appears in the search result" library="General">
<kw name="Query" library="DatabaseLibrary">
<doc>Uses the input `selectStatement` to query for the values that will be returned as a list of tuples. Set optional
input `sansTran` to True to run command without an explicit transaction commit or rollback.
Set optional input `returnAsDict` to True to return values as a list of dictionaries.</doc>
<arguments>
<arg>SELECT * from MyStoreSearch</arg>
</arguments>
<assign>
<var>@{Search2Items}</var>
</assign>
<msg timestamp="20201102 11:54:53.308" level="INFO">Executing : Query  |  SELECT * from MyStoreSearch </msg>
<msg timestamp="20201102 11:54:53.313" level="INFO">@{Search2Items} = [ ('blouse', '1', '1', 'Blouse', 'Short sleeved blouse with feminine draped sleeve detail.', 'New', '$27.00', 'No', '$27.00', 'Cotton', 'Casual', 'Short Sleeve', '2', 'Yes', 'Yes', 'No', 'Yes', 'No', ...</msg>
<status status="PASS" starttime="20201102 11:54:53.307" endtime="20201102 11:54:53.313"></status>
</kw>
<kw name="Log Many" library="BuiltIn">
<doc>Logs the given messages as separate entries using the INFO level.</doc>
<arguments>
<arg>@{Search2Items}</arg>
</arguments>
<msg timestamp="20201102 11:54:53.314" level="INFO">('blouse', '1', '1', 'Blouse', 'Short sleeved blouse with feminine draped sleeve detail.', 'New', '$27.00', 'No', '$27.00', 'Cotton', 'Casual', 'Short Sleeve', '2', 'Yes', 'Yes', 'No', 'Yes', 'No', 'No', 'Yes')</msg>
<msg timestamp="20201102 11:54:53.314" level="INFO">('dress', '2', '7', 'Printed Dress', '100\\% cotton double printed dress. Black and white striped top and orange high waisted skater skirt bottom.', 'New', '$26.00', 'No', '$26.00', 'Cotton', 'Girly', 'Colorful Dress', '3', 'No', 'Yes', 'No', 'Yes', 'No', 'Yes', 'No')</msg>
<msg timestamp="20201102 11:54:53.315" level="INFO">('summer', '3', '4', 'Faded Short Sleeve T-shirts', "Faded short sleeve t-shirt with high neckline. Soft and stretchy material for a comfortable fit. Accessorize with a straw hat and you're ready for summer!", 'New', '$16.51', 'No', '$16.51', 'Cotton', 'Casual', 'Colorful Dress', '1', 'No', 'Yes', 'Yes', 'Yes', 'No', 'No', 'Yes')</msg>
<msg timestamp="20201102 11:54:53.315" level="INFO">('cotton', '4', '7', 'Printed Chiffon Dress', 'Printed chiffon knee length dress with tank straps. Deep v-neckline.', 'New', '$20.50', 'Yes', '$16.40', 'Polyester', 'Girly', 'Midi Dress', '7', 'No', 'Yes', 'Yes', 'No', 'Yes', 'Yes', 'No')</msg>
<msg timestamp="20201102 11:54:53.315" level="INFO">('Polyester', '5', '7', 'Printed Summer Dress', 'Long printed dress with thin adjustable straps. V-neckline and wiring under the bust with ruffles at the bottom of the dress.', 'New', '$30.51', 'Yes', '$28.98', 'Viscose', 'Casual', 'Maxi Dress', '5', 'No', 'Yes', 'Yes', 'No', 'No', 'No', 'No')</msg>
<msg timestamp="20201102 11:54:53.315" level="INFO">('Girly', '6', '7', 'Printed Summer Dress', 'Sleeveless knee-length chiffon dress. V-neckline with elastic under the bust lining.', 'New', '$30.50', 'No', '$30.50', 'Polyester', 'Girly', 'Short Dress', '6', 'No', 'Yes', 'Yes', 'No', 'Yes', 'Yes', 'Yes')</msg>
<msg timestamp="20201102 11:54:53.315" level="INFO">('Short Dress', '7', '7', 'Printed Dress', 'Printed evening dress with straight sleeves with black thin waist belt and ruffled linings.', 'New', '$50.99', 'No', '$50.99', 'Viscose', 'Dressy', 'Short Dress', '4', 'No', 'Yes', 'No', 'No', 'No', 'No', 'Yes')</msg>
<status status="PASS" starttime="20201102 11:54:53.313" endtime="20201102 11:54:53.316"></status>
</kw>
<kw name="Set Test Variable" library="BuiltIn">
<doc>Makes a variable available everywhere within the scope of the current test.</doc>
<arguments>
<arg>${count2}</arg>
<arg>0</arg>
</arguments>
<msg timestamp="20201102 11:54:53.317" level="INFO">${count2} = 0</msg>
<status status="PASS" starttime="20201102 11:54:53.316" endtime="20201102 11:54:53.318"></status>
</kw>
<kw name="Log" library="BuiltIn">
<doc>Logs the given message with the given level.</doc>
<arguments>
<arg>${FoundInSearch}</arg>
</arguments>
<msg timestamp="20201102 11:54:53.319" level="INFO">14</msg>
<status status="PASS" starttime="20201102 11:54:53.318" endtime="20201102 11:54:53.319"></status>
</kw>
<kw name="${i2} IN [ @{Search2Items} ]" type="for">
<kw name="${i2} = ('blouse', '1', '1', 'Blouse', 'Short sleeved blouse with feminine draped sleeve detail.', 'New', '$27.00', 'No', '$27.00', 'Cotton', 'Casual', 'Short Sleeve', '2', 'Yes', 'Yes', 'No', 'Yes', 'No', 'N..." type="foritem">
<kw name="Set Test Variable" library="BuiltIn">
<doc>Makes a variable available everywhere within the scope of the current test.</doc>
<arguments>
<arg>${Search2Items}</arg>
</arguments>
<msg timestamp="20201102 11:54:53.321" level="INFO">${Search2Items} = [('blouse', '1', '1', 'Blouse', 'Short sleeved blouse with feminine draped sleeve detail.', 'New', '$27.00', 'No', '$27.00', 'Cotton', 'Casual', 'Short Sleeve', '2', 'Yes', 'Yes', 'No', 'Yes', 'No', '...</msg>
<status status="PASS" starttime="20201102 11:54:53.320" endtime="20201102 11:54:53.321"></status>
</kw>
<kw name="Log" library="BuiltIn">
<doc>Logs the given message with the given level.</doc>
<arguments>
<arg>${Search2Items[${count2}][${FoundInSearch}]}</arg>
</arguments>
<msg timestamp="20201102 11:54:53.322" level="INFO">Yes</msg>
<status status="PASS" starttime="20201102 11:54:53.322" endtime="20201102 11:54:53.323"></status>
</kw>
<kw name="Run Keyword If" library="BuiltIn">
<doc>Runs the given keyword with the given arguments, if ``condition`` is true.</doc>
<arguments>
<arg>'${Search2Items[${count2}][${FoundInSearch}]}' == 'Yes'</arg>
<arg>Find Elements In Search</arg>
</arguments>
<kw name="Find Elements In Search" library="General">
<kw name="Run Keyword If" library="BuiltIn">
<doc>Runs the given keyword with the given arguments, if ``condition`` is true.</doc>
<arguments>
<arg>'${Search2Items[${count2}][7]}' == 'Yes'</arg>
<arg>Run keyword and continue on failure</arg>
<arg>I confirm an item named [${Search2Items[${count2}][3]}] described as [${Search2Items[${count2}][4]}] and is on sale at [${Search2Items[${count2}][8]}] originally costing [${Search2Items[${count2}][6]}] appears in the Search Results</arg>
</arguments>
<status status="PASS" starttime="20201102 11:54:53.325" endtime="20201102 11:54:53.326"></status>
</kw>
<kw name="Run Keyword If" library="BuiltIn">
<doc>Runs the given keyword with the given arguments, if ``condition`` is true.</doc>
<arguments>
<arg>'${Search2Items[${count2}][7]}' == 'No'</arg>
<arg>Run keyword and continue on failure</arg>
<arg>I confirm an item named [${Search2Items[${count2}][3]}] described as [${Search2Items[${count2}][4]}] and costing [${Search2Items[${count2}][6]}] appears in the Search Results</arg>
</arguments>
<kw name="Run Keyword And Continue On Failure" library="BuiltIn">
<doc>Runs the keyword and continues execution even if a failure occurs.</doc>
<arguments>
<arg>I confirm an item named [${Search2Items[${count2}][3]}] described as [${Search2Items[${count2}][4]}] and costing [${Search2Items[${count2}][6]}] appears in the Search Results</arg>
</arguments>
<kw name="I confirm an item named [Blouse] described as [Short sleeved blouse with feminine draped sleeve detail.] and costing [$27.00] appears in the Search Results" library="General">
<kw name="Page Should Contain Element" library="Selenium2Library">
<doc>Verifies that element ``locator`` is found on the current page.</doc>
<arguments>
<arg>//*[contains(@class, 'product_list')]//*[@class='product-name' and contains(., '${ItemName}')]//ancestor::*[(@class='right-block')]//*[@class='product-desc' and contains(., "${ItemDescription}")]//ancestor::*[(@class='right-block')]//*[@class='price product-price' and contains(., '${ItemPrice}')]</arg>
</arguments>
<msg timestamp="20201102 11:54:53.851" level="INFO">Current page contains element '//*[contains(@class, 'product_list')]//*[@class='product-name' and contains(., 'Blouse')]//ancestor::*[(@class='right-block')]//*[@class='product-desc' and contains(., "Short sleeved blouse with feminine draped sleeve detail.")]//ancestor::*[(@class='right-block')]//*[@class='price product-price' and contains(., '$27.00')]'.</msg>
<status status="PASS" starttime="20201102 11:54:53.332" endtime="20201102 11:54:53.851"></status>
</kw>
<status status="PASS" starttime="20201102 11:54:53.330" endtime="20201102 11:54:53.852"></status>
</kw>
<status status="PASS" starttime="20201102 11:54:53.328" endtime="20201102 11:54:53.852"></status>
</kw>
<status status="PASS" starttime="20201102 11:54:53.327" endtime="20201102 11:54:53.853"></status>
</kw>
<status status="PASS" starttime="20201102 11:54:53.324" endtime="20201102 11:54:53.853"></status>
</kw>
<status status="PASS" starttime="20201102 11:54:53.323" endtime="20201102 11:54:53.853"></status>
</kw>
<kw name="Run Keyword If" library="BuiltIn">
<doc>Runs the given keyword with the given arguments, if ``condition`` is true.</doc>
<arguments>
<arg>'${Search2Items[${count2}][${FoundInSearch}]}' == 'No'</arg>
<arg>Do Not Find Elements In Search</arg>
</arguments>
<status status="PASS" starttime="20201102 11:54:53.854" endtime="20201102 11:54:53.856"></status>
</kw>
<kw name="Evaluate" library="BuiltIn">
<doc>Evaluates the given expression in Python and returns the result.</doc>
<arguments>
<arg>int(${count2})+1</arg>
</arguments>
<assign>
<var>${newcount2}</var>
</assign>
<msg timestamp="20201102 11:54:53.858" level="INFO">${newcount2} = 1</msg>
<status status="PASS" starttime="20201102 11:54:53.857" endtime="20201102 11:54:53.858"></status>
</kw>
<kw name="Set Test Variable" library="BuiltIn">
<doc>Makes a variable available everywhere within the scope of the current test.</doc>
<arguments>
<arg>${count2}</arg>
<arg>${newcount2}</arg>
</arguments>
<msg timestamp="20201102 11:54:53.860" level="INFO">${count2} = 1</msg>
<status status="PASS" starttime="20201102 11:54:53.859" endtime="20201102 11:54:53.860"></status>
</kw>
<status status="PASS" starttime="20201102 11:54:53.320" endtime="20201102 11:54:53.860"></status>
</kw>
<kw name="${i2} = ('dress', '2', '7', 'Printed Dress', '100\\% cotton double printed dress. Black and white striped top and orange high waisted skater skirt bottom.', 'New', '$26.00', 'No', '$26.00', 'Cotton', 'Girly',..." type="foritem">
<kw name="Set Test Variable" library="BuiltIn">
<doc>Makes a variable available everywhere within the scope of the current test.</doc>
<arguments>
<arg>${Search2Items}</arg>
</arguments>
<msg timestamp="20201102 11:54:53.863" level="INFO">${Search2Items} = [('blouse', '1', '1', 'Blouse', 'Short sleeved blouse with feminine draped sleeve detail.', 'New', '$27.00', 'No', '$27.00', 'Cotton', 'Casual', 'Short Sleeve', '2', 'Yes', 'Yes', 'No', 'Yes', 'No', '...</msg>
<status status="PASS" starttime="20201102 11:54:53.861" endtime="20201102 11:54:53.863"></status>
</kw>
<kw name="Log" library="BuiltIn">
<doc>Logs the given message with the given level.</doc>
<arguments>
<arg>${Search2Items[${count2}][${FoundInSearch}]}</arg>
</arguments>
<msg timestamp="20201102 11:54:53.865" level="INFO">Yes</msg>
<status status="PASS" starttime="20201102 11:54:53.863" endtime="20201102 11:54:53.865"></status>
</kw>
<kw name="Run Keyword If" library="BuiltIn">
<doc>Runs the given keyword with the given arguments, if ``condition`` is true.</doc>
<arguments>
<arg>'${Search2Items[${count2}][${FoundInSearch}]}' == 'Yes'</arg>
<arg>Find Elements In Search</arg>
</arguments>
<kw name="Find Elements In Search" library="General">
<kw name="Run Keyword If" library="BuiltIn">
<doc>Runs the given keyword with the given arguments, if ``condition`` is true.</doc>
<arguments>
<arg>'${Search2Items[${count2}][7]}' == 'Yes'</arg>
<arg>Run keyword and continue on failure</arg>
<arg>I confirm an item named [${Search2Items[${count2}][3]}] described as [${Search2Items[${count2}][4]}] and is on sale at [${Search2Items[${count2}][8]}] originally costing [${Search2Items[${count2}][6]}] appears in the Search Results</arg>
</arguments>
<status status="PASS" starttime="20201102 11:54:53.869" endtime="20201102 11:54:53.870"></status>
</kw>
<kw name="Run Keyword If" library="BuiltIn">
<doc>Runs the given keyword with the given arguments, if ``condition`` is true.</doc>
<arguments>
<arg>'${Search2Items[${count2}][7]}' == 'No'</arg>
<arg>Run keyword and continue on failure</arg>
<arg>I confirm an item named [${Search2Items[${count2}][3]}] described as [${Search2Items[${count2}][4]}] and costing [${Search2Items[${count2}][6]}] appears in the Search Results</arg>
</arguments>
<kw name="Run Keyword And Continue On Failure" library="BuiltIn">
<doc>Runs the keyword and continues execution even if a failure occurs.</doc>
<arguments>
<arg>I confirm an item named [${Search2Items[${count2}][3]}] described as [${Search2Items[${count2}][4]}] and costing [${Search2Items[${count2}][6]}] appears in the Search Results</arg>
</arguments>
<kw name="I confirm an item named [Printed Dress] described as [100\% cotton double printed dress. Black and white striped top and orange high waisted skater skirt bottom.] and costing [$26.00] appears in the Search Results" library="General">
<kw name="Page Should Contain Element" library="Selenium2Library">
<doc>Verifies that element ``locator`` is found on the current page.</doc>
<arguments>
<arg>//*[contains(@class, 'product_list')]//*[@class='product-name' and contains(., '${ItemName}')]//ancestor::*[(@class='right-block')]//*[@class='product-desc' and contains(., "${ItemDescription}")]//ancestor::*[(@class='right-block')]//*[@class='price product-price' and contains(., '${ItemPrice}')]</arg>
</arguments>
<msg timestamp="20201102 11:54:54.402" level="INFO">Current page contains element '//*[contains(@class, 'product_list')]//*[@class='product-name' and contains(., 'Printed Dress')]//ancestor::*[(@class='right-block')]//*[@class='product-desc' and contains(., "100% cotton double printed dress. Black and white striped top and orange high waisted skater skirt bottom.")]//ancestor::*[(@class='right-block')]//*[@class='price product-price' and contains(., '$26.00')]'.</msg>
<status status="PASS" starttime="20201102 11:54:53.878" endtime="20201102 11:54:54.402"></status>
</kw>
<status status="PASS" starttime="20201102 11:54:53.876" endtime="20201102 11:54:54.403"></status>
</kw>
<status status="PASS" starttime="20201102 11:54:53.873" endtime="20201102 11:54:54.403"></status>
</kw>
<status status="PASS" starttime="20201102 11:54:53.871" endtime="20201102 11:54:54.404"></status>
</kw>
<status status="PASS" starttime="20201102 11:54:53.867" endtime="20201102 11:54:54.404"></status>
</kw>
<status status="PASS" starttime="20201102 11:54:53.866" endtime="20201102 11:54:54.404"></status>
</kw>
<kw name="Run Keyword If" library="BuiltIn">
<doc>Runs the given keyword with the given arguments, if ``condition`` is true.</doc>
<arguments>
<arg>'${Search2Items[${count2}][${FoundInSearch}]}' == 'No'</arg>
<arg>Do Not Find Elements In Search</arg>
</arguments>
<status status="PASS" starttime="20201102 11:54:54.405" endtime="20201102 11:54:54.407"></status>
</kw>
<kw name="Evaluate" library="BuiltIn">
<doc>Evaluates the given expression in Python and returns the result.</doc>
<arguments>
<arg>int(${count2})+1</arg>
</arguments>
<assign>
<var>${newcount2}</var>
</assign>
[...]
<msg timestamp="20201102 11:55:47.885" level="INFO">{'Search': 'cotton', 'No': 7, 'Title': 'Printed Chiffon Dress', 'Product': 'Printed chiffon knee length dress with tank straps. Deep v-neckline.', 'Condition': 'New', 'Price': '20.5', 'OnSale': 'Yes', 'SalePrice': '16.4', 'Compositions': 'Polyester', 'Styles': 'Girly', 'Properties': 'Midi Dress', 'id_Product': '7'}</msg>
<msg timestamp="20201102 11:55:47.885" level="INFO">{'Search': 'Polyester', 'No': 7, 'Title': 'Printed Summer Dress', 'Product': 'Long printed dress with thin adjustable straps. V-neckline and wiring under the bust with ruffles at the bottom of the dress.', 'Condition': 'New', 'Price': '30.51', 'OnSale': 'Yes', 'SalePrice': '28.98', 'Compositions': 'Viscose', 'Styles': 'Casual', 'Properties': 'Maxi Dress', 'id_Product': '5'}</msg>
<msg timestamp="20201102 11:55:47.885" level="INFO">{'Search': 'Girly', 'No': 7, 'Title': 'Printed Summer Dress', 'Product': 'Sleeveless knee-length chiffon dress. V-neckline with elastic under the bust lining.', 'Condition': 'New', 'Price': '30.5', 'OnSale': 'No', 'SalePrice': '', 'Compositions': 'Polyester', 'Styles': 'Girly', 'Properties': 'Short Dress', 'id_Product': '6'}</msg>
<msg timestamp="20201102 11:55:47.885" level="INFO">{'Search': 'Short Dress', 'No': 7, 'Title': 'Printed Dress', 'Product': 'Printed evening dress with straight sleeves with black thin waist belt and ruffled linings.', 'Condition': 'New', 'Price': '50.99', 'OnSale': 'No', 'SalePrice': '', 'Compositions': 'Viscose', 'Styles': 'Dressy', 'Properties': 'Short Dress', 'id_Product': '4'}</msg>
<status status="PASS" starttime="20201102 11:55:47.885" endtime="20201102 11:55:47.886"></status>
</kw>
<kw name="Set Test Variable" library="BuiltIn">
<doc>Makes a variable available everywhere within the scope of the current test.</doc>
<arguments>
<arg>${count}</arg>
<arg>0</arg>
</arguments>
<msg timestamp="20201102 11:55:47.887" level="INFO">${count} = 0</msg>
<status status="PASS" starttime="20201102 11:55:47.886" endtime="20201102 11:55:47.887"></status>
</kw>
<kw name="${i} IN [ @{SearchItems} ]" type="for">
<kw name="${i} = {'Search': 'blouse', 'No': 1, 'Title': 'Blouse', 'Product': 'Short sleeved blouse with feminine draped sleeve detail.', 'Condition': 'New', 'Price': '27', 'OnSale': 'No', 'SalePrice': '', 'Composition..." type="foritem">
<kw name="Log" library="BuiltIn">
<doc>Logs the given message with the given level.</doc>
<arguments>
<arg>${SearchItems[${count}]['Search']}</arg>
</arguments>
<msg timestamp="20201102 11:55:47.887" level="INFO">blouse</msg>
<status status="PASS" starttime="20201102 11:55:47.887" endtime="20201102 11:55:47.888"></status>
</kw>
<kw name="Input Text" library="Selenium2Library">
<doc>Types the given ``text`` into text field identified by ``locator``.</doc>
<arguments>
<arg>//input[@id='search_query_top']</arg>
<arg>${SearchItems[${count}]['Search']}</arg>
</arguments>
<msg timestamp="20201102 11:55:47.888" level="INFO">Typing text 'blouse' into text field '//input[@id='search_query_top']'.</msg>
<status status="PASS" starttime="20201102 11:55:47.888" endtime="20201102 11:55:49.514"></status>
</kw>
<kw name="Click Element" library="Selenium2Library">
<doc>Click element identified by ``locator``.</doc>
<arguments>
<arg>//button[@name='submit_search']</arg>
</arguments>
<msg timestamp="20201102 11:55:49.516" level="INFO">Clicking element '//button[@name='submit_search']'.</msg>
<status status="PASS" starttime="20201102 11:55:49.515" endtime="20201102 11:55:52.699"></status>
</kw>
<kw name="Evaluate" library="BuiltIn">
<doc>Evaluates the given expression in Python and returns the result.</doc>
<arguments>
<arg>int(${count})+1</arg>
</arguments>
<assign>
<var>${newcount}</var>
</assign>
<msg timestamp="20201102 11:55:52.701" level="INFO">${newcount} = 1</msg>
<status status="PASS" starttime="20201102 11:55:52.700" endtime="20201102 11:55:52.701"></status>
</kw>
<kw name="Set Test Variable" library="BuiltIn">
<doc>Makes a variable available everywhere within the scope of the current test.</doc>
<arguments>
<arg>${count}</arg>
<arg>${newcount}</arg>
</arguments>
<msg timestamp="20201102 11:55:52.703" level="INFO">${count} = 1</msg>
<status status="PASS" starttime="20201102 11:55:52.702" endtime="20201102 11:55:52.704"></status>
</kw>
<status status="PASS" starttime="20201102 11:55:47.887" endtime="20201102 11:55:52.704"></status>
</kw>
<kw name="${i} = {'Search': 'dress', 'No': 7, 'Title': 'Printed Dress', 'Product': '100\\% cotton double printed dress. Black and white striped top and orange high waisted skater skirt bottom.', 'Condition': 'New', 'P..." type="foritem">
<kw name="Log" library="BuiltIn">
<doc>Logs the given message with the given level.</doc>
<arguments>
<arg>${SearchItems[${count}]['Search']}</arg>
</arguments>
<msg timestamp="20201102 11:55:52.706" level="INFO">dress</msg>
<status status="PASS" starttime="20201102 11:55:52.705" endtime="20201102 11:55:52.706"></status>
</kw>
<kw name="Input Text" library="Selenium2Library">
<doc>Types the given ``text`` into text field identified by ``locator``.</doc>
<arguments>
<arg>//input[@id='search_query_top']</arg>
<arg>${SearchItems[${count}]['Search']}</arg>
</arguments>
<msg timestamp="20201102 11:55:52.708" level="INFO">Typing text 'dress' into text field '//input[@id='search_query_top']'.</msg>
<status status="PASS" starttime="20201102 11:55:52.707" endtime="20201102 11:55:54.415"></status>
</kw>
<kw name="Click Element" library="Selenium2Library">
<doc>Click element identified by ``locator``.</doc>
<arguments>
<arg>//button[@name='submit_search']</arg>
</arguments>
<msg timestamp="20201102 11:55:54.417" level="INFO">Clicking element '//button[@name='submit_search']'.</msg>
<status status="PASS" starttime="20201102 11:55:54.416" endtime="20201102 11:55:56.996"></status>
</kw>
<kw name="Evaluate" library="BuiltIn">
<doc>Evaluates the given expression in Python and returns the result.</doc>
<arguments>
<arg>int(${count})+1</arg>
</arguments>
<assign>
<var>${newcount}</var>
</assign>
<msg timestamp="20201102 11:55:56.998" level="INFO">${newcount} = 2</msg>
<status status="PASS" starttime="20201102 11:55:56.997" endtime="20201102 11:55:56.999"></status>
</kw>
<kw name="Set Test Variable" library="BuiltIn">
<doc>Makes a variable available everywhere within the scope of the current test.</doc>
<arguments>
<arg>${count}</arg>
<arg>${newcount}</arg>
</arguments>
<msg timestamp="20201102 11:55:57.000" level="INFO">${count} = 2</msg>
<status status="PASS" starttime="20201102 11:55:56.999" endtime="20201102 11:55:57.001"></status>
</kw>
<status status="PASS" starttime="20201102 11:55:52.704" endtime="20201102 11:55:57.001"></status>
</kw>
<kw name="${i} = {'Search': 'summer', 'No': 4, 'Title': 'Faded Short Sleeve T-shirts', 'Product': &quot;Faded short sleeve t-shirt with high neckline. Soft and stretchy material for a comfortable fit. Accessorize with a st..." type="foritem">
<kw name="Log" library="BuiltIn">
<doc>Logs the given message with the given level.</doc>
<arguments>
<arg>${SearchItems[${count}]['Search']}</arg>
</arguments>
<msg timestamp="20201102 11:55:57.003" level="INFO">summer</msg>
<status status="PASS" starttime="20201102 11:55:57.002" endtime="20201102 11:55:57.004"></status>
</kw>
<kw name="Input Text" library="Selenium2Library">
<doc>Types the given ``text`` into text field identified by ``locator``.</doc>
<arguments>
<arg>//input[@id='search_query_top']</arg>
<arg>${SearchItems[${count}]['Search']}</arg>
</arguments>
<msg timestamp="20201102 11:55:57.005" level="INFO">Typing text 'summer' into text field '//input[@id='search_query_top']'.</msg>
<status status="PASS" starttime="20201102 11:55:57.004" endtime="20201102 11:55:58.729"></status>
</kw>
<kw name="Click Element" library="Selenium2Library">
<doc>Click element identified by ``locator``.</doc>
<arguments>
<arg>//button[@name='submit_search']</arg>
</arguments>
<msg timestamp="20201102 11:55:58.731" level="INFO">Clicking element '//button[@name='submit_search']'.</msg>
<status status="PASS" starttime="20201102 11:55:58.730" endtime="20201102 11:56:02.114"></status>
</kw>
<kw name="Evaluate" library="BuiltIn">
<doc>Evaluates the given expression in Python and returns the result.</doc>
<arguments>
<arg>int(${count})+1</arg>
</arguments>
<assign>
<var>${newcount}</var>
</assign>
<msg timestamp="20201102 11:56:02.114" level="INFO">${newcount} = 3</msg>
<status status="PASS" starttime="20201102 11:56:02.114" endtime="20201102 11:56:02.115"></status>
</kw>
<kw name="Set Test Variable" library="BuiltIn">
<doc>Makes a variable available everywhere within the scope of the current test.</doc>
<arguments>
<arg>${count}</arg>
<arg>${newcount}</arg>
</arguments>
<msg timestamp="20201102 11:56:02.115" level="INFO">${count} = 3</msg>
<status status="PASS" starttime="20201102 11:56:02.115" endtime="20201102 11:56:02.115"></status>
</kw>
<status status="PASS" starttime="20201102 11:55:57.001" endtime="20201102 11:56:02.115"></status>
</kw>
<kw name="${i} = {'Search': 'cotton', 'No': 7, 'Title': 'Printed Chiffon Dress', 'Product': 'Printed chiffon knee length dress with tank straps. Deep v-neckline.', 'Condition': 'New', 'Price': '20.5', 'OnSale': 'Yes',..." type="foritem">
<kw name="Log" library="BuiltIn">
<doc>Logs the given message with the given level.</doc>
<arguments>
<arg>${SearchItems[${count}]['Search']}</arg>
</arguments>
<msg timestamp="20201102 11:56:02.116" level="INFO">cotton</msg>
<status status="PASS" starttime="20201102 11:56:02.116" endtime="20201102 11:56:02.116"></status>
</kw>
<kw name="Input Text" library="Selenium2Library">
<doc>Types the given ``text`` into text field identified by ``locator``.</doc>
<arguments>
<arg>//input[@id='search_query_top']</arg>
<arg>${SearchItems[${count}]['Search']}</arg>
</arguments>
<msg timestamp="20201102 11:56:02.117" level="INFO">Typing text 'cotton' into text field '//input[@id='search_query_top']'.</msg>
<status status="PASS" starttime="20201102 11:56:02.116" endtime="20201102 11:56:03.739"></status>
</kw>
<kw name="Click Element" library="Selenium2Library">
<doc>Click element identified by ``locator``.</doc>
<arguments>
<arg>//button[@name='submit_search']</arg>
</arguments>
<msg timestamp="20201102 11:56:03.741" level="INFO">Clicking element '//button[@name='submit_search']'.</msg>
<status status="PASS" starttime="20201102 11:56:03.740" endtime="20201102 11:56:06.946"></status>
</kw>
<kw name="Evaluate" library="BuiltIn">
<doc>Evaluates the given expression in Python and returns the result.</doc>
<arguments>
<arg>int(${count})+1</arg>
</arguments>
<assign>
<var>${newcount}</var>
</assign>
<msg timestamp="20201102 11:56:06.948" level="INFO">${newcount} = 4</msg>
<status status="PASS" starttime="20201102 11:56:06.946" endtime="20201102 11:56:06.948"></status>
</kw>
<kw name="Set Test Variable" library="BuiltIn">
<doc>Makes a variable available everywhere within the scope of the current test.</doc>
<arguments>
<arg>${count}</arg>
<arg>${newcount}</arg>
</arguments>
<msg timestamp="20201102 11:56:06.949" level="INFO">${count} = 4</msg>
<status status="PASS" starttime="20201102 11:56:06.948" endtime="20201102 11:56:06.949"></status>
</kw>
<status status="PASS" starttime="20201102 11:56:02.115" endtime="20201102 11:56:06.949"></status>
</kw>
<kw name="${i} = {'Search': 'Polyester', 'No': 7, 'Title': 'Printed Summer Dress', 'Product': 'Long printed dress with thin adjustable straps. V-neckline and wiring under the bust with ruffles at the bottom of the dre..." type="foritem">
<kw name="Log" library="BuiltIn">
<doc>Logs the given message with the given level.</doc>
<arguments>
<arg>${SearchItems[${count}]['Search']}</arg>
</arguments>
<msg timestamp="20201102 11:56:06.951" level="INFO">Polyester</msg>
<status status="PASS" starttime="20201102 11:56:06.950" endtime="20201102 11:56:06.951"></status>
</kw>
<kw name="Input Text" library="Selenium2Library">
<doc>Types the given ``text`` into text field identified by ``locator``.</doc>
<arguments>
<arg>//input[@id='search_query_top']</arg>
<arg>${SearchItems[${count}]['Search']}</arg>
</arguments>
<msg timestamp="20201102 11:56:06.953" level="INFO">Typing text 'Polyester' into text field '//input[@id='search_query_top']'.</msg>
<status status="PASS" starttime="20201102 11:56:06.952" endtime="20201102 11:56:08.647"></status>
</kw>
<kw name="Click Element" library="Selenium2Library">
<doc>Click element identified by ``locator``.</doc>
<arguments>
<arg>//button[@name='submit_search']</arg>
</arguments>
<msg timestamp="20201102 11:56:08.649" level="INFO">Clicking element '//button[@name='submit_search']'.</msg>
<status status="PASS" starttime="20201102 11:56:08.648" endtime="20201102 11:56:11.864"></status>
</kw>
<kw name="Evaluate" library="BuiltIn">
<doc>Evaluates the given expression in Python and returns the result.</doc>
<arguments>
<arg>int(${count})+1</arg>
</arguments>
<assign>
<var>${newcount}</var>
</assign>
<msg timestamp="20201102 11:56:11.865" level="INFO">${newcount} = 5</msg>
<status status="PASS" starttime="20201102 11:56:11.864" endtime="20201102 11:56:11.865"></status>
</kw>
<kw name="Set Test Variable" library="BuiltIn">
<doc>Makes a variable available everywhere within the scope of the current test.</doc>
<arguments>
<arg>${count}</arg>
<arg>${newcount}</arg>
</arguments>
<msg timestamp="20201102 11:56:11.866" level="INFO">${count} = 5</msg>
<status status="PASS" starttime="20201102 11:56:11.865" endtime="20201102 11:56:11.866"></status>
</kw>
<status status="PASS" starttime="20201102 11:56:06.950" endtime="20201102 11:56:11.866"></status>
</kw>
<kw name="${i} = {'Search': 'Girly', 'No': 7, 'Title': 'Printed Summer Dress', 'Product': 'Sleeveless knee-length chiffon dress. V-neckline with elastic under the bust lining.', 'Condition': 'New', 'Price': '30.5', 'O..." type="foritem">
<kw name="Log" library="BuiltIn">
<doc>Logs the given message with the given level.</doc>
<arguments>
<arg>${SearchItems[${count}]['Search']}</arg>
</arguments>
<msg timestamp="20201102 11:56:11.867" level="INFO">Girly</msg>
<status status="PASS" starttime="20201102 11:56:11.866" endtime="20201102 11:56:11.867"></status>
</kw>
<kw name="Input Text" library="Selenium2Library">
<doc>Types the given ``text`` into text field identified by ``locator``.</doc>
<arguments>
<arg>//input[@id='search_query_top']</arg>
<arg>${SearchItems[${count}]['Search']}</arg>
</arguments>
<msg timestamp="20201102 11:56:11.868" level="INFO">Typing text 'Girly' into text field '//input[@id='search_query_top']'.</msg>
<status status="PASS" starttime="20201102 11:56:11.867" endtime="20201102 11:56:13.612"></status>
</kw>
<kw name="Click Element" library="Selenium2Library">
<doc>Click element identified by ``locator``.</doc>
<arguments>
<arg>//button[@name='submit_search']</arg>
</arguments>
<msg timestamp="20201102 11:56:13.612" level="INFO">Clicking element '//button[@name='submit_search']'.</msg>
<status status="PASS" starttime="20201102 11:56:13.612" endtime="20201102 11:56:16.596"></status>
</kw>
<kw name="Evaluate" library="BuiltIn">
<doc>Evaluates the given expression in Python and returns the result.</doc>
<arguments>
<arg>int(${count})+1</arg>
</arguments>
<assign>
<var>${newcount}</var>
</assign>
<msg timestamp="20201102 11:56:16.598" level="INFO">${newcount} = 6</msg>
<status status="PASS" starttime="20201102 11:56:16.597" endtime="20201102 11:56:16.598"></status>
</kw>
<kw name="Set Test Variable" library="BuiltIn">
<doc>Makes a variable available everywhere within the scope of the current test.</doc>
<arguments>
<arg>${count}</arg>
<arg>${newcount}</arg>
</arguments>
<msg timestamp="20201102 11:56:16.600" level="INFO">${count} = 6</msg>
<status status="PASS" starttime="20201102 11:56:16.599" endtime="20201102 11:56:16.601"></status>
</kw>
<status status="PASS" starttime="20201102 11:56:11.866" endtime="20201102 11:56:16.601"></status>
</kw>
<kw name="${i} = {'Search': 'Short Dress', 'No': 7, 'Title': 'Printed Dress', 'Product': 'Printed evening dress with straight sleeves with black thin waist belt and ruffled linings.', 'Condition': 'New', 'Price': '50...." type="foritem">
<kw name="Log" library="BuiltIn">
<doc>Logs the given message with the given level.</doc>
<arguments>
<arg>${SearchItems[${count}]['Search']}</arg>
</arguments>
<msg timestamp="20201102 11:56:16.603" level="INFO">Short Dress</msg>
<status status="PASS" starttime="20201102 11:56:16.602" endtime="20201102 11:56:16.603"></status>
</kw>
<kw name="Input Text" library="Selenium2Library">
<doc>Types the given ``text`` into text field identified by ``locator``.</doc>
<arguments>
<arg>//input[@id='search_query_top']</arg>
<arg>${SearchItems[${count}]['Search']}</arg>
</arguments>
<msg timestamp="20201102 11:56:16.605" level="INFO">Typing text 'Short Dress' into text field '//input[@id='search_query_top']'.</msg>
<status status="PASS" starttime="20201102 11:56:16.604" endtime="20201102 11:56:18.313"></status>
</kw>
<kw name="Click Element" library="Selenium2Library">
<doc>Click element identified by ``locator``.</doc>
<arguments>
<arg>//button[@name='submit_search']</arg>
</arguments>
<msg timestamp="20201102 11:56:18.315" level="INFO">Clicking element '//button[@name='submit_search']'.</msg>
<status status="PASS" starttime="20201102 11:56:18.314" endtime="20201102 11:56:20.741"></status>
</kw>
<kw name="Evaluate" library="BuiltIn">
<doc>Evaluates the given expression in Python and returns the result.</doc>
<arguments>
<arg>int(${count})+1</arg>
</arguments>
<assign>
<var>${newcount}</var>
</assign>
<msg timestamp="20201102 11:56:20.743" level="INFO">${newcount} = 7</msg>
<status status="PASS" starttime="20201102 11:56:20.742" endtime="20201102 11:56:20.743"></status>
</kw>
<kw name="Set Test Variable" library="BuiltIn">
<doc>Makes a variable available everywhere within the scope of the current test.</doc>
<arguments>
<arg>${count}</arg>
<arg>${newcount}</arg>
</arguments>
<msg timestamp="20201102 11:56:20.745" level="INFO">${count} = 7</msg>
<status status="PASS" starttime="20201102 11:56:20.744" endtime="20201102 11:56:20.746"></status>
</kw>
<status status="PASS" starttime="20201102 11:56:16.601" endtime="20201102 11:56:20.746"></status>
</kw>
<status status="PASS" starttime="20201102 11:55:47.887" endtime="20201102 11:56:20.746"></status>
</kw>
<status status="PASS" starttime="20201102 11:55:47.877" endtime="20201102 11:56:20.746"></status>
</kw>
<status status="PASS" starttime="20201102 11:55:47.877" endtime="20201102 11:56:20.747" critical="yes"></status>
</test>
<kw name="Disconnect From Database" library="DatabaseLibrary" type="teardown">
<doc>Disconnects from the database.</doc>
<msg timestamp="20201102 11:56:20.753" level="INFO">Executing : Disconnect From Database</msg>
<status status="PASS" starttime="20201102 11:56:20.752" endtime="20201102 11:56:20.853"></status>
</kw>
<doc>Suite description</doc>
<status status="PASS" starttime="20201102 11:54:20.911" endtime="20201102 11:56:20.853"></status>
</suite>
<status status="PASS" starttime="20201102 11:54:12.525" endtime="20201102 11:56:20.859"></status>
</suite>
<statistics>
<total>
<stat pass="8" fail="0">Critical Tests</stat>
<stat pass="8" fail="0">All Tests</stat>
</total>
<tag>
</tag>
<suite>
<stat pass="8" fail="0" id="s1" name="000 - Initialise Test Data &amp; MyStore">000 - Initialise Test Data &amp; MyStore</stat>
<stat pass="1" fail="0" id="s1-s1" name="000 - Initialise Test Data">000 - Initialise Test Data &amp; MyStore.000 - Initialise Test Data</stat>
<stat pass="7" fail="0" id="s1-s2" name="MyStore">000 - Initialise Test Data &amp; MyStore.MyStore</stat>
</suite>
</statistics>
<errors>
</errors>
</robot>
